<?xml version="1.0" encoding="UTF-8"?>
<!-- Generated by org.testng.reporters.JUnitXMLReporter -->
<testsuite ignored="0" hostname="ZSCHN01LP0295" failures="0" tests="1" name="Command line test 7452dc2c-c524-41b6-810b-e0e235bf4e40" time="35.527" errors="0" timestamp="2022-11-25T22:24:55 IST">
  <testcase classname="Pages.webAction" name="@AfterClass logoutFromApplication" time="2.04">
    <failure type="java.lang.AssertionError" message="Unable to logout from the application">
      <![CDATA[java.lang.AssertionError: Unable to logout from the application
at Pages.webAction.logoutFromApplication(webAction.java:162)
at java.base/java.util.ArrayList.forEach(ArrayList.java:1511)
at Test.TestNGXML.xml(TestNGXML.java:121)
at Test.TestNGXML.main(TestNGXML.java:126)
... Removed 23 stack frames]]>
    </failure>
  </testcase> <!-- @AfterClass logoutFromApplication -->
  <testcase classname="Test.calenderTest" name="calender_test" time="28.671"/>
</testsuite> <!-- Command line test 7452dc2c-c524-41b6-810b-e0e235bf4e40 -->
