<?xml version="1.0" encoding="UTF-8"?>
<!-- Generated by org.testng.reporters.JUnitXMLReporter -->
<testsuite ignored="0" hostname="ZSCHN01LP0292" failures="1" tests="1" name="Command line test 01fe701e-8d19-4809-9086-b17db67215cb" time="10.684" errors="0" timestamp="2022-11-09T14:00:23 IST">
  <testcase classname="Test.TestUserCreation" name="userCreation" time="0.681">
    <failure type="java.lang.AssertionError" message=" Could not login to the application">
      <![CDATA[java.lang.AssertionError:  Could not login to the application
at Pages.LoginPage.loginToApplication(LoginPage.java:18)
at Test.TestUserCreation.userCreation(TestUserCreation.java:24)
at java.base/java.util.ArrayList.forEach(ArrayList.java:1511)
at Test.TestNGXML.xml(TestNGXML.java:121)
at Test.TestNGXML.main(TestNGXML.java:126)
... Removed 25 stack frames]]>
    </failure>
  </testcase> <!-- userCreation -->
</testsuite> <!-- Command line test 01fe701e-8d19-4809-9086-b17db67215cb -->
