<?xml version="1.0" encoding="UTF-8"?>
<!-- Generated by org.testng.reporters.JUnitXMLReporter -->
<testsuite ignored="0" hostname="ZSCHN01LP0295" failures="0" tests="1" name="Command line test f920a8bd-6382-4def-a6c1-cc8cf1ebf75e" time="39.597" errors="0" timestamp="2022-11-25T13:33:21 IST">
  <testcase classname="Pages.webAction" name="@AfterClass logoutFromApplication" time="2.074">
    <failure type="java.lang.AssertionError" message="Unable to logout from the application">
      <![CDATA[java.lang.AssertionError: Unable to logout from the application
at Pages.webAction.logoutFromApplication(webAction.java:162)
at java.base/java.util.ArrayList.forEach(ArrayList.java:1511)
at Test.TestNGXML.xml(TestNGXML.java:121)
at Test.TestNGXML.main(TestNGXML.java:126)
... Removed 23 stack frames]]>
    </failure>
  </testcase> <!-- @AfterClass logoutFromApplication -->
  <testcase classname="Test.calenderTest" name="calender_test" time="29.521"/>
</testsuite> <!-- Command line test f920a8bd-6382-4def-a6c1-cc8cf1ebf75e -->
