<?xml version="1.0" encoding="UTF-8"?>
<!-- Generated by org.testng.reporters.JUnitXMLReporter -->
<testsuite hostname="ZS-DSK-0014" ignored="0" name="Command line test f6e57bfc-822e-43e6-8367-bd417d5daf16" tests="1" failures="1" timestamp="29 May 2020 08:13:19 GMT" time="31.263" errors="0">
  <testcase name="deleteUserfromList" time="20.336" classname="Test.TestUserDelete">
    <failure type="java.lang.AssertionError" message=" The username- exampleusername2020-05-29 13-42 is not available">
      <![CDATA[java.lang.AssertionError:  The username- exampleusername2020-05-29 13-42 is not available
	at Pages.UserCreationandUserDelete.validateUserCreation(UserCreationandUserDelete.java:70)
	at Test.TestUserDelete.deleteUserfromList(TestUserDelete.java:32)
	at Test.TestNGXML.xml(TestNGXML.java:121)
	at Test.TestNGXML.main(TestNGXML.java:126)
... Removed 23 stack frames]]>
    </failure>
  </testcase> <!-- deleteUserfromList -->
</testsuite> <!-- Command line test f6e57bfc-822e-43e6-8367-bd417d5daf16 -->
