<?xml version="1.0" encoding="UTF-8"?>
<!-- Generated by org.testng.reporters.JUnitXMLReporter -->
<testsuite hostname="ZS-DSK-0014" ignored="0" name="Command line test 704e42e2-a948-4558-83e3-89501423ad65" tests="1" failures="1" timestamp="28 May 2020 07:53:24 GMT" time="28.453" errors="0">
  <testcase name="userCreation" time="14.327" classname="Test.TestUserCreation">
    <failure type="java.lang.AssertionError" message="Could not navigate to the Add user page">
      <![CDATA[java.lang.AssertionError: Could not navigate to the Add user page
	at Pages.UserCreationandUserDelete.navigatetoAddUser(UserCreationandUserDelete.java:21)
	at Pages.UserCreationandUserDelete.addUser(UserCreationandUserDelete.java:27)
	at Test.TestUserCreation.userCreation(TestUserCreation.java:29)
	at Test.TestNGXML.xml(TestNGXML.java:121)
	at Test.TestNGXML.main(TestNGXML.java:126)
... Removed 23 stack frames]]>
    </failure>
  </testcase> <!-- userCreation -->
</testsuite> <!-- Command line test 704e42e2-a948-4558-83e3-89501423ad65 -->
