<?xml version="1.0" encoding="UTF-8"?>
<!-- Generated by org.testng.reporters.JUnitXMLReporter -->
<testsuite ignored="0" hostname="ZSCHN01LP0292" failures="1" tests="1" name="Command line test 7fd9565b-c7f1-4817-9a0d-f454049bc665" time="18.439" errors="0" timestamp="2022-11-09T13:01:53 IST">
  <testcase classname="Test.LoginTest" name="userCreation" time="9.701">
    <failure type="java.lang.AssertionError" message="Unable to locate the element">
      <![CDATA[java.lang.AssertionError: Unable to locate the element
at Pages.webAction.element(webAction.java:290)
at Pages.LoginPage.loginToApplicationNegative(LoginPage.java:43)
at Test.LoginTest.userCreation(LoginTest.java:26)
at java.base/java.util.ArrayList.forEach(ArrayList.java:1511)
at Test.TestNGXML.xml(TestNGXML.java:121)
at Test.TestNGXML.main(TestNGXML.java:126)
... Removed 25 stack frames]]>
    </failure>
  </testcase> <!-- userCreation -->
</testsuite> <!-- Command line test 7fd9565b-c7f1-4817-9a0d-f454049bc665 -->
