<?xml version="1.0" encoding="UTF-8"?>
<!-- Generated by org.testng.reporters.JUnitXMLReporter -->
<testsuite ignored="0" hostname="ZSCHN01LP0292" failures="1" tests="1" name="Command line test d652a0a0-a63d-447f-9a43-505c5d61db17" time="13.833" errors="0" timestamp="2022-11-09T16:46:33 IST">
  <testcase classname="Test.TestUserCreation" name="userCreation" time="8.509">
    <failure type="java.lang.AssertionError" message="Unable to locate the element">
      <![CDATA[java.lang.AssertionError: Unable to locate the element
at Pages.webAction.element(webAction.java:290)
at Pages.UserCreationandUserDelete.addUser(UserCreationandUserDelete.java:32)
at Test.TestUserCreation.userCreation(TestUserCreation.java:30)
at java.base/java.util.ArrayList.forEach(ArrayList.java:1511)
at Test.TestNGXML.xml(TestNGXML.java:121)
at Test.TestNGXML.main(TestNGXML.java:126)
... Removed 25 stack frames]]>
    </failure>
  </testcase> <!-- userCreation -->
</testsuite> <!-- Command line test d652a0a0-a63d-447f-9a43-505c5d61db17 -->
