<?xml version="1.0" encoding="UTF-8"?>
<!-- Generated by org.testng.reporters.JUnitXMLReporter -->
<testsuite ignored="0" hostname="ZSCHN01LP0340" failures="0" tests="1" name="Command line test 50677723-2dd9-4a3d-9954-85686b95268d" time="36.008" errors="0" timestamp="2022-12-15T12:39:32 IST">
  <testcase classname="Pages.webAction" name="@AfterClass logoutFromApplication" time="2.048">
    <failure type="java.lang.AssertionError" message="Unable to logout from the application">
      <![CDATA[java.lang.AssertionError: Unable to logout from the application
at Pages.webAction.logoutFromApplication(webAction.java:166)
at java.base/java.util.ArrayList.forEach(ArrayList.java:1511)
at Test.TestNGXML.xml(TestNGXML.java:121)
at Test.TestNGXML.main(TestNGXML.java:126)
... Removed 23 stack frames]]>
    </failure>
  </testcase> <!-- @AfterClass logoutFromApplication -->
  <testcase classname="Test.TestUserCreation" name="userCreation" time="27.52"/>
</testsuite> <!-- Command line test 50677723-2dd9-4a3d-9954-85686b95268d -->
