<?xml version="1.0" encoding="UTF-8"?>
<!-- Generated by org.testng.reporters.JUnitXMLReporter -->
<testsuite hostname="ZS-DSK-0014" ignored="0" name="Command line test a27dba39-9bc1-4fe1-93c5-754b58d08d3a" tests="1" failures="1" timestamp="28 May 2020 07:32:14 GMT" time="33.105" errors="0">
  <testcase name="userCreation" time="20.916" classname="Test.TestUserDelete">
    <failure type="java.lang.AssertionError" message="Unable to validate the user creation">
      <![CDATA[java.lang.AssertionError: Unable to validate the user creation
	at Pages.UserCreationandUserDelete.validateUserCreation(UserCreationandUserDelete.java:68)
	at Test.TestUserDelete.userCreation(TestUserDelete.java:32)
	at Test.TestNGXML.xml(TestNGXML.java:121)
	at Test.TestNGXML.main(TestNGXML.java:126)
... Removed 23 stack frames]]>
    </failure>
  </testcase> <!-- userCreation -->
</testsuite> <!-- Command line test a27dba39-9bc1-4fe1-93c5-754b58d08d3a -->
