<?xml version="1.0" encoding="UTF-8"?>
<!-- Generated by org.testng.reporters.JUnitXMLReporter -->
<testsuite hostname="ZS-DSK-0014" ignored="0" name="Command line test 54e3d2c5-4a2f-41e6-aad9-1f512b603f8b" tests="1" failures="1" timestamp="28 May 2020 07:28:21 GMT" time="35.355" errors="0">
  <testcase name="userCreation" time="21.413" classname="Test.TestUserCreation">
    <failure type="java.lang.AssertionError" message="Unable to validate the user creation">
      <![CDATA[java.lang.AssertionError: Unable to validate the user creation
	at Pages.UserCreationandUserDelete.validateUserCreation(UserCreationandUserDelete.java:68)
	at Test.TestUserCreation.userCreation(TestUserCreation.java:33)
	at Test.TestNGXML.xml(TestNGXML.java:121)
	at Test.TestNGXML.main(TestNGXML.java:126)
... Removed 23 stack frames]]>
    </failure>
  </testcase> <!-- userCreation -->
</testsuite> <!-- Command line test 54e3d2c5-4a2f-41e6-aad9-1f512b603f8b -->
