<?xml version="1.0" encoding="UTF-8"?>
<!-- Generated by org.testng.reporters.JUnitXMLReporter -->
<testsuite ignored="0" hostname="ZSCHN01LP0295" failures="1" tests="1" name="Command line test 50fb4b95-6ed4-4619-883b-dfae260d35ff" time="18.082" errors="0" timestamp="2022-11-25T23:13:28 IST">
  <testcase classname="Pages.webAction" name="@AfterClass logoutFromApplication" time="12.223">
    <failure type="java.lang.AssertionError" message="Unable to locate the element">
      <![CDATA[java.lang.AssertionError: Unable to locate the element
at Pages.webAction.element(webAction.java:339)
at Pages.webAction.logoutFromApplication(webAction.java:159)
at java.base/java.util.ArrayList.forEach(ArrayList.java:1511)
at Test.TestNGXML.xml(TestNGXML.java:121)
at Test.TestNGXML.main(TestNGXML.java:126)
... Removed 23 stack frames]]>
    </failure>
  </testcase> <!-- @AfterClass logoutFromApplication -->
  <testcase classname="Test.calenderTest" name="calender_test" time="1.023">
    <failure type="java.lang.NullPointerException" message="Cannot invoke &amp;quot;com.relevantcodes.extentreports.ExtentTest.log(com.relevantcodes.extentreports.LogStatus, String)&amp;quot; because &amp;quot;Pages.webAction.test&amp;quot; is null">
      <![CDATA[java.lang.NullPointerException: Cannot invoke "com.relevantcodes.extentreports.ExtentTest.log(com.relevantcodes.extentreports.LogStatus, String)" because "Pages.webAction.test" is null
at Framework.Log.getReport(Log.java:30)
at Test.calenderTest.calender_test(calenderTest.java:16)
at java.base/java.util.ArrayList.forEach(ArrayList.java:1511)
at Test.TestNGXML.xml(TestNGXML.java:121)
at Test.TestNGXML.main(TestNGXML.java:126)
... Removed 24 stack frames]]>
    </failure>
  </testcase> <!-- calender_test -->
</testsuite> <!-- Command line test 50fb4b95-6ed4-4619-883b-dfae260d35ff -->
