<?xml version="1.0" encoding="UTF-8"?>
<!-- Generated by org.testng.reporters.JUnitXMLReporter -->
<testsuite ignored="0" hostname="ZSCHN01LP0292" failures="1" tests="1" name="Command line test 30b0b198-fff6-467d-92b1-9d1ae858f38f" time="18.819" errors="0" timestamp="2022-11-09T15:15:25 IST">
  <testcase classname="Test.LoginTest" name="userCreation" time="11.753">
    <failure type="java.lang.AssertionError" message="Unable to locate the element">
      <![CDATA[java.lang.AssertionError: Unable to locate the element
at Pages.webAction.element(webAction.java:289)
at Pages.webAction.logoutFromApplication(webAction.java:119)
at Test.LoginTest.userCreation(LoginTest.java:24)
at java.base/java.util.ArrayList.forEach(ArrayList.java:1511)
at Test.TestNGXML.xml(TestNGXML.java:121)
at Test.TestNGXML.main(TestNGXML.java:126)
... Removed 25 stack frames]]>
    </failure>
  </testcase> <!-- userCreation -->
</testsuite> <!-- Command line test 30b0b198-fff6-467d-92b1-9d1ae858f38f -->
