<?xml version="1.0" encoding="UTF-8"?>
<!-- Generated by org.testng.reporters.JUnitXMLReporter -->
<testsuite ignored="0" hostname="ZSCHN01LP0292" failures="1" tests="1" name="Command line test d724f8fa-85ca-49c0-bce5-529f26fc0287" time="58.48" errors="0" timestamp="2022-11-09T12:59:12 IST">
  <testcase classname="Test.LoginTest" name="userCreation" time="19.631">
    <failure type="java.lang.AssertionError" message="Unable to locate the element">
      <![CDATA[java.lang.AssertionError: Unable to locate the element
at Pages.webAction.element(webAction.java:290)
at Pages.LoginPage.loginToApplicationNegative(LoginPage.java:43)
at Test.LoginTest.userCreation(LoginTest.java:25)
at java.base/java.util.ArrayList.forEach(ArrayList.java:1511)
at Test.TestNGXML.xml(TestNGXML.java:121)
at Test.TestNGXML.main(TestNGXML.java:126)
... Removed 25 stack frames]]>
    </failure>
  </testcase> <!-- userCreation -->
</testsuite> <!-- Command line test d724f8fa-85ca-49c0-bce5-529f26fc0287 -->
