<?xml version="1.0" encoding="UTF-8"?>
<!-- Generated by org.testng.reporters.JUnitXMLReporter -->
<testsuite hostname="ZS-DSK-0014" ignored="0" name="Command line test 288a2c66-11ae-4ada-8cc5-666a6faf79dc" tests="1" failures="1" timestamp="28 May 2020 07:07:18 GMT" time="35.258" errors="0">
  <testcase name="userCreation" time="20.217" classname="Test.TestUserCreation">
    <failure type="java.lang.AssertionError" message="Unable to validate the user creation">
      <![CDATA[java.lang.AssertionError: Unable to validate the user creation
	at Pages.UserCreationandUserDelete.validateUserCreation(UserCreationandUserDelete.java:67)
	at Test.TestUserCreation.userCreation(TestUserCreation.java:33)
	at Test.TestNGXML.xml(TestNGXML.java:121)
	at Test.TestNGXML.main(TestNGXML.java:126)
... Removed 23 stack frames]]>
    </failure>
  </testcase> <!-- userCreation -->
</testsuite> <!-- Command line test 288a2c66-11ae-4ada-8cc5-666a6faf79dc -->
