<?xml version="1.0" encoding="UTF-8"?>
<!-- Generated by org.testng.reporters.JUnitXMLReporter -->
<testsuite ignored="0" hostname="ZSCHN01LP0295" failures="1" tests="1" name="Command line test 16c031e4-023b-44c7-abce-f2e80c821ee9" time="51.326" errors="0" timestamp="2022-11-10T08:32:51 IST">
  <testcase classname="Test.leaveTest" name="applyleave" time="21.341">
    <failure type="java.lang.AssertionError" message="Unable to locate the element">
      <![CDATA[java.lang.AssertionError: Unable to locate the element
at Pages.webAction.element(webAction.java:314)
at Pages.LeavePage.applLeave(LeavePage.java:81)
at Test.leaveTest.applyleave(leaveTest.java:15)
at java.base/java.util.ArrayList.forEach(ArrayList.java:1511)
at Test.TestNGXML.xml(TestNGXML.java:121)
at Test.TestNGXML.main(TestNGXML.java:126)
... Removed 25 stack frames]]>
    </failure>
  </testcase> <!-- applyleave -->
</testsuite> <!-- Command line test 16c031e4-023b-44c7-abce-f2e80c821ee9 -->
