<?xml version="1.0" encoding="UTF-8"?>
<!-- Generated by org.testng.reporters.JUnitXMLReporter -->
<testsuite hostname="ZSCHN01LP0120" ignored="0" name="Command line test bd354b49-4299-454f-acc5-8f56bc76589e" tests="1" failures="0" timestamp="26 Oct 2022 11:59:15 GMT" time="1.421" errors="0">
  <testcase name="@BeforeClass before_Class" time="1.411" classname="Pages.webAction">
    <failure type="java.lang.AssertionError" message="Could not open the browser">
      <![CDATA[java.lang.AssertionError: Could not open the browser
	at Pages.webAction.launchDriver(webAction.java:155)
	at Pages.webAction.before_Class(webAction.java:102)
	at Test.TestNGXML.xml(TestNGXML.java:121)
	at Test.TestNGXML.main(TestNGXML.java:126)
... Removed 23 stack frames]]>
    </failure>
  </testcase> <!-- @BeforeClass before_Class -->
  <testcase name="userCreation" time="0.001" classname="Test.TestUserCreation">
    <skipped/>
  </testcase> <!-- userCreation -->
</testsuite> <!-- Command line test bd354b49-4299-454f-acc5-8f56bc76589e -->
