<?xml version="1.0" encoding="UTF-8"?>
<!-- Generated by org.testng.reporters.JUnitXMLReporter -->
<testsuite ignored="0" hostname="ZSCHN01LP0295" failures="0" tests="1" name="Command line test 6f4e98fe-4a48-428a-b41c-6fba61987ce0" time="38.81" errors="0" timestamp="2022-11-23T00:47:17 IST">
  <testcase classname="Pages.webAction" name="@AfterClass logoutFromApplication" time="12.4">
    <failure type="java.lang.AssertionError" message="Unable to locate the element">
      <![CDATA[java.lang.AssertionError: Unable to locate the element
at Pages.webAction.element(webAction.java:335)
at Pages.webAction.logoutFromApplication(webAction.java:155)
at java.base/java.util.ArrayList.forEach(ArrayList.java:1511)
at Test.TestNGXML.xml(TestNGXML.java:121)
at Test.TestNGXML.main(TestNGXML.java:126)
... Removed 23 stack frames]]>
    </failure>
  </testcase> <!-- @AfterClass logoutFromApplication -->
  <testcase classname="Test.calenderTest" name="calender_test" time="21.137"/>
</testsuite> <!-- Command line test 6f4e98fe-4a48-428a-b41c-6fba61987ce0 -->
