<?xml version="1.0" encoding="UTF-8"?>
<!-- Generated by org.testng.reporters.JUnitXMLReporter -->
<testsuite ignored="0" hostname="ZSCHN01LP0340" failures="0" tests="1" name="Command line test e6409008-ff7b-4837-8e3f-3e91745ca424" time="16.635" errors="0" timestamp="2022-12-21T10:42:12 IST">
  <testcase classname="Pages.webAction" name="@AfterClass logoutFromApplication" time="2.044">
    <failure type="java.lang.AssertionError" message="Unable to logout from the application">
      <![CDATA[java.lang.AssertionError: Unable to logout from the application
at Pages.webAction.logoutFromApplication(webAction.java:167)
at java.base/java.util.ArrayList.forEach(ArrayList.java:1511)
at Test.TestNGXML.xml(TestNGXML.java:121)
at Test.TestNGXML.main(TestNGXML.java:126)
... Removed 23 stack frames]]>
    </failure>
  </testcase> <!-- @AfterClass logoutFromApplication -->
  <testcase classname="Test.EmployeeDownloadTest$TestUserCreation" name="userCreation" time="6.407"/>
</testsuite> <!-- Command line test e6409008-ff7b-4837-8e3f-3e91745ca424 -->
