<?xml version="1.0" encoding="UTF-8"?>
<!-- Generated by org.testng.reporters.JUnitXMLReporter -->
<testsuite ignored="0" hostname="ZSCHN01LP0295" failures="0" tests="1" name="Command line test 6ba6169d-dc2b-4fa9-b528-0dec43e623ab" time="35.892" errors="0" timestamp="2022-11-10T07:34:38 IST">
  <testcase classname="Pages.webAction" name="@AfterClass logoutFromApplication" time="2.045">
    <failure type="java.lang.AssertionError" message="Unable to logout from the application">
      <![CDATA[java.lang.AssertionError: Unable to logout from the application
at Pages.webAction.logoutFromApplication(webAction.java:143)
at java.base/java.util.ArrayList.forEach(ArrayList.java:1511)
at Test.TestNGXML.xml(TestNGXML.java:121)
at Test.TestNGXML.main(TestNGXML.java:126)
... Removed 23 stack frames]]>
    </failure>
  </testcase> <!-- @AfterClass logoutFromApplication -->
  <testcase classname="Test.TestUserCreation" name="userCreation" time="27.733"/>
</testsuite> <!-- Command line test 6ba6169d-dc2b-4fa9-b528-0dec43e623ab -->
