<?xml version="1.0" encoding="UTF-8"?>
<!-- Generated by org.testng.reporters.JUnitXMLReporter -->
<testsuite ignored="0" hostname="ZSCHN01LP0292" failures="1" tests="1" name="Command line test aff55672-4d53-4806-8f01-db0457ce4761" time="11.494" errors="0" timestamp="2022-11-09T15:35:03 IST">
  <testcase classname="Test.TestUserCreation" name="userCreation" time="0.527">
    <failure type="java.lang.AssertionError" message="Could not valudate the page">
      <![CDATA[java.lang.AssertionError: Could not valudate the page
at Pages.LoginPage.pageValidation(LoginPage.java:34)
at Test.TestUserCreation.userCreation(TestUserCreation.java:18)
at java.base/java.util.ArrayList.forEach(ArrayList.java:1511)
at Test.TestNGXML.xml(TestNGXML.java:121)
at Test.TestNGXML.main(TestNGXML.java:126)
... Removed 25 stack frames]]>
    </failure>
  </testcase> <!-- userCreation -->
</testsuite> <!-- Command line test aff55672-4d53-4806-8f01-db0457ce4761 -->
