<?xml version="1.0" encoding="UTF-8"?>
<!-- Generated by org.testng.reporters.JUnitXMLReporter -->
<testsuite ignored="0" hostname="ZSCHN01LP0295" failures="1" tests="1" name="Command line test ab09a39e-0f4e-4ddd-a54e-a7afa7183a12" time="23.191" errors="0" timestamp="2022-11-20T22:41:10 IST">
  <testcase classname="Pages.webAction" name="@AfterClass logoutFromApplication" time="12.426">
    <failure type="java.lang.AssertionError" message="Unable to locate the element">
      <![CDATA[java.lang.AssertionError: Unable to locate the element
at Pages.webAction.element(webAction.java:330)
at Pages.webAction.logoutFromApplication(webAction.java:154)
at java.base/java.util.ArrayList.forEach(ArrayList.java:1511)
at Test.TestNGXML.xml(TestNGXML.java:121)
at Test.TestNGXML.main(TestNGXML.java:126)
... Removed 23 stack frames]]>
    </failure>
  </testcase> <!-- @AfterClass logoutFromApplication -->
  <testcase classname="Test.calenderTest" name="calender" time="0.013">
    <failure type="java.lang.StackOverflowError">
      <![CDATA[java.lang.StackOverflowError
at Test.calenderTest.calender(calenderTest.java:13)
at Test.calenderTest.calender(calenderTest.java:13)
at Test.calenderTest.calender(calenderTest.java:13)
at Test.calenderTest.calender(calenderTest.java:13)
at Test.calenderTest.calender(calenderTest.java:13)
at Test.calenderTest.calender(calenderTest.java:13)
at Test.calenderTest.calender(calenderTest.java:13)
at Test.calenderTest.calender(calenderTest.java:13)
at Test.calenderTest.calender(calenderTest.java:13)
at Test.calenderTest.calender(calenderTest.java:13)
at Test.calenderTest.calender(calenderTest.java:13)
at Test.calenderTest.calender(calenderTest.java:13)
at Test.calenderTest.calender(calenderTest.java:13)
at Test.calenderTest.calender(calenderTest.java:13)
at Test.calenderTest.calender(calenderTest.java:13)
at Test.calenderTest.calender(calenderTest.java:13)
at Test.calenderTest.calender(calenderTest.java:13)
at Test.calenderTest.calender(calenderTest.java:13)
at Test.calenderTest.calender(calenderTest.java:13)
at Test.calenderTest.calender(calenderTest.java:13)
at Test.calenderTest.calender(calenderTest.java:13)
at Test.calenderTest.calender(calenderTest.java:13)
at Test.calenderTest.calender(calenderTest.java:13)
at Test.calenderTest.calender(calenderTest.java:13)
at Test.calenderTest.calender(calenderTest.java:13)
at Test.calenderTest.calender(calenderTest.java:13)
at Test.calenderTest.calender(calenderTest.java:13)
at Test.calenderTest.calender(calenderTest.java:13)
at Test.calenderTest.calender(calenderTest.java:13)
at Test.calenderTest.calender(calenderTest.java:13)
at Test.calenderTest.calender(calenderTest.java:13)
at Test.calenderTest.calender(calenderTest.java:13)
at Test.calenderTest.calender(calenderTest.java:13)
at Test.calenderTest.calender(calenderTest.java:13)
at Test.calenderTest.calender(calenderTest.java:13)
at Test.calenderTest.calender(calenderTest.java:13)
at Test.calenderTest.calender(calenderTest.java:13)
at Test.calenderTest.calender(calenderTest.java:13)
at Test.calenderTest.calender(calenderTest.java:13)
at Test.calenderTest.calender(calenderTest.java:13)
at Test.calenderTest.calender(calenderTest.java:13)
at Test.calenderTest.calender(calenderTest.java:13)
at Test.calenderTest.calender(calenderTest.java:13)
at Test.calenderTest.calender(calenderTest.java:13)
at Test.calenderTest.calender(calenderTest.java:13)
at Test.calenderTest.calender(calenderTest.java:13)
at Test.calenderTest.calender(calenderTest.java:13)
at Test.calenderTest.calender(calenderTest.java:13)
at Test.calenderTest.calender(calenderTest.java:13)
at Test.calenderTest.calender(calenderTest.java:13)
at Test.calenderTest.calender(calenderTest.java:13)
at Test.calenderTest.calender(calenderTest.java:13)
at Test.calenderTest.calender(calenderTest.java:13)
at Test.calenderTest.calender(calenderTest.java:13)
at Test.calenderTest.calender(calenderTest.java:13)
at Test.calenderTest.calender(calenderTest.java:13)
at Test.calenderTest.calender(calenderTest.java:13)
at Test.calenderTest.calender(calenderTest.java:13)
at Test.calenderTest.calender(calenderTest.java:13)
at Test.calenderTest.calender(calenderTest.java:13)
at Test.calenderTest.calender(calenderTest.java:13)
at Test.calenderTest.calender(calenderTest.java:13)
at Test.calenderTest.calender(calenderTest.java:13)
at Test.calenderTest.calender(calenderTest.java:13)
at Test.calenderTest.calender(calenderTest.java:13)
at Test.calenderTest.calender(calenderTest.java:13)
at Test.calenderTest.calender(calenderTest.java:13)
at Test.calenderTest.calender(calenderTest.java:13)
at Test.calenderTest.calender(calenderTest.java:13)
at Test.calenderTest.calender(calenderTest.java:13)
at Test.calenderTest.calender(calenderTest.java:13)
at Test.calenderTest.calender(calenderTest.java:13)
at Test.calenderTest.calender(calenderTest.java:13)
at Test.calenderTest.calender(calenderTest.java:13)
at Test.calenderTest.calender(calenderTest.java:13)
at Test.calenderTest.calender(calenderTest.java:13)
at Test.calenderTest.calender(calenderTest.java:13)
at Test.calenderTest.calender(calenderTest.java:13)
at Test.calenderTest.calender(calenderTest.java:13)
at Test.calenderTest.calender(calenderTest.java:13)
at Test.calenderTest.calender(calenderTest.java:13)
at Test.calenderTest.calender(calenderTest.java:13)
at Test.calenderTest.calender(calenderTest.java:13)
at Test.calenderTest.calender(calenderTest.java:13)
at Test.calenderTest.calender(calenderTest.java:13)
at Test.calenderTest.calender(calenderTest.java:13)
at Test.calenderTest.calender(calenderTest.java:13)
at Test.calenderTest.calender(calenderTest.java:13)
at Test.calenderTest.calender(calenderTest.java:13)
at Test.calenderTest.calender(calenderTest.java:13)
at Test.calenderTest.calender(calenderTest.java:13)
at Test.calenderTest.calender(calenderTest.java:13)
at Test.calenderTest.calender(calenderTest.java:13)
at Test.calenderTest.calender(calenderTest.java:13)
at Test.calenderTest.calender(calenderTest.java:13)
at Test.calenderTest.calender(calenderTest.java:13)
at Test.calenderTest.calender(calenderTest.java:13)
at Test.calenderTest.calender(calenderTest.java:13)
at Test.calenderTest.calender(calenderTest.java:13)
at Test.calenderTest.calender(calenderTest.java:13)
at Test.calenderTest.calender(calenderTest.java:13)
at Test.calenderTest.calender(calenderTest.java:13)
at Test.calenderTest.calender(calenderTest.java:13)
at Test.calenderTest.calender(calenderTest.java:13)
at Test.calenderTest.calender(calenderTest.java:13)
at Test.calenderTest.calender(calenderTest.java:13)
at Test.calenderTest.calender(calenderTest.java:13)
at Test.calenderTest.calender(calenderTest.java:13)
at Test.calenderTest.calender(calenderTest.java:13)
at Test.calenderTest.calender(calenderTest.java:13)
at Test.calenderTest.calender(calenderTest.java:13)
at Test.calenderTest.calender(calenderTest.java:13)
at Test.calenderTest.calender(calenderTest.java:13)
at Test.calenderTest.calender(calenderTest.java:13)
at Test.calenderTest.calender(calenderTest.java:13)
at Test.calenderTest.calender(calenderTest.java:13)
at Test.calenderTest.calender(calenderTest.java:13)
at Test.calenderTest.calender(calenderTest.java:13)
at Test.calenderTest.calender(calenderTest.java:13)
at Test.calenderTest.calender(calenderTest.java:13)
at Test.calenderTest.calender(calenderTest.java:13)
at Test.calenderTest.calender(calenderTest.java:13)
at Test.calenderTest.calender(calenderTest.java:13)
at Test.calenderTest.calender(calenderTest.java:13)
at Test.calenderTest.calender(calenderTest.java:13)
at Test.calenderTest.calender(calenderTest.java:13)
at Test.calenderTest.calender(calenderTest.java:13)
at Test.calenderTest.calender(calenderTest.java:13)
at Test.calenderTest.calender(calenderTest.java:13)
at Test.calenderTest.calender(calenderTest.java:13)
at Test.calenderTest.calender(calenderTest.java:13)
at Test.calenderTest.calender(calenderTest.java:13)
at Test.calenderTest.calender(calenderTest.java:13)
at Test.calenderTest.calender(calenderTest.java:13)
at Test.calenderTest.calender(calenderTest.java:13)
at Test.calenderTest.calender(calenderTest.java:13)
at Test.calenderTest.calender(calenderTest.java:13)
at Test.calenderTest.calender(calenderTest.java:13)
at Test.calenderTest.calender(calenderTest.java:13)
at Test.calenderTest.calender(calenderTest.java:13)
at Test.calenderTest.calender(calenderTest.java:13)
at Test.calenderTest.calender(calenderTest.java:13)
at Test.calenderTest.calender(calenderTest.java:13)
at Test.calenderTest.calender(calenderTest.java:13)
at Test.calenderTest.calender(calenderTest.java:13)
at Test.calenderTest.calender(calenderTest.java:13)
at Test.calenderTest.calender(calenderTest.java:13)
at Test.calenderTest.calender(calenderTest.java:13)
at Test.calenderTest.calender(calenderTest.java:13)
at Test.calenderTest.calender(calenderTest.java:13)
at Test.calenderTest.calender(calenderTest.java:13)
at Test.calenderTest.calender(calenderTest.java:13)
at Test.calenderTest.calender(calenderTest.java:13)
at Test.calenderTest.calender(calenderTest.java:13)
at Test.calenderTest.calender(calenderTest.java:13)
at Test.calenderTest.calender(calenderTest.java:13)
at Test.calenderTest.calender(calenderTest.java:13)
at Test.calenderTest.calender(calenderTest.java:13)
at Test.calenderTest.calender(calenderTest.java:13)
at Test.calenderTest.calender(calenderTest.java:13)
at Test.calenderTest.calender(calenderTest.java:13)
at Test.calenderTest.calender(calenderTest.java:13)
at Test.calenderTest.calender(calenderTest.java:13)
at Test.calenderTest.calender(calenderTest.java:13)
at Test.calenderTest.calender(calenderTest.java:13)
at Test.calenderTest.calender(calenderTest.java:13)
at Test.calenderTest.calender(calenderTest.java:13)
at Test.calenderTest.calender(calenderTest.java:13)
at Test.calenderTest.calender(calenderTest.java:13)
at Test.calenderTest.calender(calenderTest.java:13)
at Test.calenderTest.calender(calenderTest.java:13)
at Test.calenderTest.calender(calenderTest.java:13)
at Test.calenderTest.calender(calenderTest.java:13)
at Test.calenderTest.calender(calenderTest.java:13)
at Test.calenderTest.calender(calenderTest.java:13)
at Test.calenderTest.calender(calenderTest.java:13)
at Test.calenderTest.calender(calenderTest.java:13)
at Test.calenderTest.calender(calenderTest.java:13)
at Test.calenderTest.calender(calenderTest.java:13)
at Test.calenderTest.calender(calenderTest.java:13)
at Test.calenderTest.calender(calenderTest.java:13)
at Test.calenderTest.calender(calenderTest.java:13)
at Test.calenderTest.calender(calenderTest.java:13)
at Test.calenderTest.calender(calenderTest.java:13)
at Test.calenderTest.calender(calenderTest.java:13)
at Test.calenderTest.calender(calenderTest.java:13)
at Test.calenderTest.calender(calenderTest.java:13)
at Test.calenderTest.calender(calenderTest.java:13)
at Test.calenderTest.calender(calenderTest.java:13)
at Test.calenderTest.calender(calenderTest.java:13)
at Test.calenderTest.calender(calenderTest.java:13)
at Test.calenderTest.calender(calenderTest.java:13)
at Test.calenderTest.calender(calenderTest.java:13)
at Test.calenderTest.calender(calenderTest.java:13)
at Test.calenderTest.calender(calenderTest.java:13)
at Test.calenderTest.calender(calenderTest.java:13)
at Test.calenderTest.calender(calenderTest.java:13)
at Test.calenderTest.calender(calenderTest.java:13)
at Test.calenderTest.calender(calenderTest.java:13)
at Test.calenderTest.calender(calenderTest.java:13)
at Test.calenderTest.calender(calenderTest.java:13)
at Test.calenderTest.calender(calenderTest.java:13)
at Test.calenderTest.calender(calenderTest.java:13)
at Test.calenderTest.calender(calenderTest.java:13)
at Test.calenderTest.calender(calenderTest.java:13)
at Test.calenderTest.calender(calenderTest.java:13)
at Test.calenderTest.calender(calenderTest.java:13)
at Test.calenderTest.calender(calenderTest.java:13)
at Test.calenderTest.calender(calenderTest.java:13)
at Test.calenderTest.calender(calenderTest.java:13)
at Test.calenderTest.calender(calenderTest.java:13)
at Test.calenderTest.calender(calenderTest.java:13)
at Test.calenderTest.calender(calenderTest.java:13)
at Test.calenderTest.calender(calenderTest.java:13)
at Test.calenderTest.calender(calenderTest.java:13)
at Test.calenderTest.calender(calenderTest.java:13)
at Test.calenderTest.calender(calenderTest.java:13)
at Test.calenderTest.calender(calenderTest.java:13)
at Test.calenderTest.calender(calenderTest.java:13)
at Test.calenderTest.calender(calenderTest.java:13)
at Test.calenderTest.calender(calenderTest.java:13)
at Test.calenderTest.calender(calenderTest.java:13)
at Test.calenderTest.calender(calenderTest.java:13)
at Test.calenderTest.calender(calenderTest.java:13)
at Test.calenderTest.calender(calenderTest.java:13)
at Test.calenderTest.calender(calenderTest.java:13)
at Test.calenderTest.calender(calenderTest.java:13)
at Test.calenderTest.calender(calenderTest.java:13)
at Test.calenderTest.calender(calenderTest.java:13)
at Test.calenderTest.calender(calenderTest.java:13)
at Test.calenderTest.calender(calenderTest.java:13)
at Test.calenderTest.calender(calenderTest.java:13)
at Test.calenderTest.calender(calenderTest.java:13)
at Test.calenderTest.calender(calenderTest.java:13)
at Test.calenderTest.calender(calenderTest.java:13)
at Test.calenderTest.calender(calenderTest.java:13)
at Test.calenderTest.calender(calenderTest.java:13)
at Test.calenderTest.calender(calenderTest.java:13)
at Test.calenderTest.calender(calenderTest.java:13)
at Test.calenderTest.calender(calenderTest.java:13)
at Test.calenderTest.calender(calenderTest.java:13)
at Test.calenderTest.calender(calenderTest.java:13)
at Test.calenderTest.calender(calenderTest.java:13)
at Test.calenderTest.calender(calenderTest.java:13)
at Test.calenderTest.calender(calenderTest.java:13)
at Test.calenderTest.calender(calenderTest.java:13)
at Test.calenderTest.calender(calenderTest.java:13)
at Test.calenderTest.calender(calenderTest.java:13)
at Test.calenderTest.calender(calenderTest.java:13)
at Test.calenderTest.calender(calenderTest.java:13)
at Test.calenderTest.calender(calenderTest.java:13)
at Test.calenderTest.calender(calenderTest.java:13)
at Test.calenderTest.calender(calenderTest.java:13)
at Test.calenderTest.calender(calenderTest.java:13)
at Test.calenderTest.calender(calenderTest.java:13)
at Test.calenderTest.calender(calenderTest.java:13)
at Test.calenderTest.calender(calenderTest.java:13)
at Test.calenderTest.calender(calenderTest.java:13)
at Test.calenderTest.calender(calenderTest.java:13)
at Test.calenderTest.calender(calenderTest.java:13)
at Test.calenderTest.calender(calenderTest.java:13)
at Test.calenderTest.calender(calenderTest.java:13)
at Test.calenderTest.calender(calenderTest.java:13)
at Test.calenderTest.calender(calenderTest.java:13)
at Test.calenderTest.calender(calenderTest.java:13)
at Test.calenderTest.calender(calenderTest.java:13)
at Test.calenderTest.calender(calenderTest.java:13)
at Test.calenderTest.calender(calenderTest.java:13)
at Test.calenderTest.calender(calenderTest.java:13)
at Test.calenderTest.calender(calenderTest.java:13)
at Test.calenderTest.calender(calenderTest.java:13)
at Test.calenderTest.calender(calenderTest.java:13)
at Test.calenderTest.calender(calenderTest.java:13)
at Test.calenderTest.calender(calenderTest.java:13)
at Test.calenderTest.calender(calenderTest.java:13)
at Test.calenderTest.calender(calenderTest.java:13)
at Test.calenderTest.calender(calenderTest.java:13)
at Test.calenderTest.calender(calenderTest.java:13)
at Test.calenderTest.calender(calenderTest.java:13)
at Test.calenderTest.calender(calenderTest.java:13)
at Test.calenderTest.calender(calenderTest.java:13)
at Test.calenderTest.calender(calenderTest.java:13)
at Test.calenderTest.calender(calenderTest.java:13)
at Test.calenderTest.calender(calenderTest.java:13)
at Test.calenderTest.calender(calenderTest.java:13)
at Test.calenderTest.calender(calenderTest.java:13)
at Test.calenderTest.calender(calenderTest.java:13)
at Test.calenderTest.calender(calenderTest.java:13)
at Test.calenderTest.calender(calenderTest.java:13)
at Test.calenderTest.calender(calenderTest.java:13)
at Test.calenderTest.calender(calenderTest.java:13)
at Test.calenderTest.calender(calenderTest.java:13)
at Test.calenderTest.calender(calenderTest.java:13)
at Test.calenderTest.calender(calenderTest.java:13)
at Test.calenderTest.calender(calenderTest.java:13)
at Test.calenderTest.calender(calenderTest.java:13)
at Test.calenderTest.calender(calenderTest.java:13)
at Test.calenderTest.calender(calenderTest.java:13)
at Test.calenderTest.calender(calenderTest.java:13)
at Test.calenderTest.calender(calenderTest.java:13)
at Test.calenderTest.calender(calenderTest.java:13)
at Test.calenderTest.calender(calenderTest.java:13)
at Test.calenderTest.calender(calenderTest.java:13)
at Test.calenderTest.calender(calenderTest.java:13)
at Test.calenderTest.calender(calenderTest.java:13)
at Test.calenderTest.calender(calenderTest.java:13)
at Test.calenderTest.calender(calenderTest.java:13)
at Test.calenderTest.calender(calenderTest.java:13)
at Test.calenderTest.calender(calenderTest.java:13)
at Test.calenderTest.calender(calenderTest.java:13)
at Test.calenderTest.calender(calenderTest.java:13)
at Test.calenderTest.calender(calenderTest.java:13)
at Test.calenderTest.calender(calenderTest.java:13)
at Test.calenderTest.calender(calenderTest.java:13)
at Test.calenderTest.calender(calenderTest.java:13)
at Test.calenderTest.calender(calenderTest.java:13)
at Test.calenderTest.calender(calenderTest.java:13)
at Test.calenderTest.calender(calenderTest.java:13)
at Test.calenderTest.calender(calenderTest.java:13)
at Test.calenderTest.calender(calenderTest.java:13)
at Test.calenderTest.calender(calenderTest.java:13)
at Test.calenderTest.calender(calenderTest.java:13)
at Test.calenderTest.calender(calenderTest.java:13)
at Test.calenderTest.calender(calenderTest.java:13)
at Test.calenderTest.calender(calenderTest.java:13)
at Test.calenderTest.calender(calenderTest.java:13)
at Test.calenderTest.calender(calenderTest.java:13)
at Test.calenderTest.calender(calenderTest.java:13)
at Test.calenderTest.calender(calenderTest.java:13)
at Test.calenderTest.calender(calenderTest.java:13)
at Test.calenderTest.calender(calenderTest.java:13)
at Test.calenderTest.calender(calenderTest.java:13)
at Test.calenderTest.calender(calenderTest.java:13)
at Test.calenderTest.calender(calenderTest.java:13)
at Test.calenderTest.calender(calenderTest.java:13)
at Test.calenderTest.calender(calenderTest.java:13)
at Test.calenderTest.calender(calenderTest.java:13)
at Test.calenderTest.calender(calenderTest.java:13)
at Test.calenderTest.calender(calenderTest.java:13)
at Test.calenderTest.calender(calenderTest.java:13)
at Test.calenderTest.calender(calenderTest.java:13)
at Test.calenderTest.calender(calenderTest.java:13)
at Test.calenderTest.calender(calenderTest.java:13)
at Test.calenderTest.calender(calenderTest.java:13)
at Test.calenderTest.calender(calenderTest.java:13)
at Test.calenderTest.calender(calenderTest.java:13)
at Test.calenderTest.calender(calenderTest.java:13)
at Test.calenderTest.calender(calenderTest.java:13)
at Test.calenderTest.calender(calenderTest.java:13)
at Test.calenderTest.calender(calenderTest.java:13)
at Test.calenderTest.calender(calenderTest.java:13)
at Test.calenderTest.calender(calenderTest.java:13)
at Test.calenderTest.calender(calenderTest.java:13)
at Test.calenderTest.calender(calenderTest.java:13)
at Test.calenderTest.calender(calenderTest.java:13)
at Test.calenderTest.calender(calenderTest.java:13)
at Test.calenderTest.calender(calenderTest.java:13)
at Test.calenderTest.calender(calenderTest.java:13)
at Test.calenderTest.calender(calenderTest.java:13)
at Test.calenderTest.calender(calenderTest.java:13)
at Test.calenderTest.calender(calenderTest.java:13)
at Test.calenderTest.calender(calenderTest.java:13)
at Test.calenderTest.calender(calenderTest.java:13)
at Test.calenderTest.calender(calenderTest.java:13)
at Test.calenderTest.calender(calenderTest.java:13)
at Test.calenderTest.calender(calenderTest.java:13)
at Test.calenderTest.calender(calenderTest.java:13)
at Test.calenderTest.calender(calenderTest.java:13)
at Test.calenderTest.calender(calenderTest.java:13)
at Test.calenderTest.calender(calenderTest.java:13)
at Test.calenderTest.calender(calenderTest.java:13)
at Test.calenderTest.calender(calenderTest.java:13)
at Test.calenderTest.calender(calenderTest.java:13)
at Test.calenderTest.calender(calenderTest.java:13)
at Test.calenderTest.calender(calenderTest.java:13)
at Test.calenderTest.calender(calenderTest.java:13)
at Test.calenderTest.calender(calenderTest.java:13)
at Test.calenderTest.calender(calenderTest.java:13)
at Test.calenderTest.calender(calenderTest.java:13)
at Test.calenderTest.calender(calenderTest.java:13)
at Test.calenderTest.calender(calenderTest.java:13)
at Test.calenderTest.calender(calenderTest.java:13)
at Test.calenderTest.calender(calenderTest.java:13)
at Test.calenderTest.calender(calenderTest.java:13)
at Test.calenderTest.calender(calenderTest.java:13)
at Test.calenderTest.calender(calenderTest.java:13)
at Test.calenderTest.calender(calenderTest.java:13)
at Test.calenderTest.calender(calenderTest.java:13)
at Test.calenderTest.calender(calenderTest.java:13)
at Test.calenderTest.calender(calenderTest.java:13)
at Test.calenderTest.calender(calenderTest.java:13)
at Test.calenderTest.calender(calenderTest.java:13)
at Test.calenderTest.calender(calenderTest.java:13)
at Test.calenderTest.calender(calenderTest.java:13)
at Test.calenderTest.calender(calenderTest.java:13)
at Test.calenderTest.calender(calenderTest.java:13)
at Test.calenderTest.calender(calenderTest.java:13)
at Test.calenderTest.calender(calenderTest.java:13)
at Test.calenderTest.calender(calenderTest.java:13)
at Test.calenderTest.calender(calenderTest.java:13)
at Test.calenderTest.calender(calenderTest.java:13)
at Test.calenderTest.calender(calenderTest.java:13)
at Test.calenderTest.calender(calenderTest.java:13)
at Test.calenderTest.calender(calenderTest.java:13)
at Test.calenderTest.calender(calenderTest.java:13)
at Test.calenderTest.calender(calenderTest.java:13)
at Test.calenderTest.calender(calenderTest.java:13)
at Test.calenderTest.calender(calenderTest.java:13)
at Test.calenderTest.calender(calenderTest.java:13)
at Test.calenderTest.calender(calenderTest.java:13)
at Test.calenderTest.calender(calenderTest.java:13)
at Test.calenderTest.calender(calenderTest.java:13)
at Test.calenderTest.calender(calenderTest.java:13)
at Test.calenderTest.calender(calenderTest.java:13)
at Test.calenderTest.calender(calenderTest.java:13)
at Test.calenderTest.calender(calenderTest.java:13)
at Test.calenderTest.calender(calenderTest.java:13)
at Test.calenderTest.calender(calenderTest.java:13)
at Test.calenderTest.calender(calenderTest.java:13)
at Test.calenderTest.calender(calenderTest.java:13)
at Test.calenderTest.calender(calenderTest.java:13)
at Test.calenderTest.calender(calenderTest.java:13)
at Test.calenderTest.calender(calenderTest.java:13)
at Test.calenderTest.calender(calenderTest.java:13)
at Test.calenderTest.calender(calenderTest.java:13)
at Test.calenderTest.calender(calenderTest.java:13)
at Test.calenderTest.calender(calenderTest.java:13)
at Test.calenderTest.calender(calenderTest.java:13)
at Test.calenderTest.calender(calenderTest.java:13)
at Test.calenderTest.calender(calenderTest.java:13)
at Test.calenderTest.calender(calenderTest.java:13)
at Test.calenderTest.calender(calenderTest.java:13)
at Test.calenderTest.calender(calenderTest.java:13)
at Test.calenderTest.calender(calenderTest.java:13)
at Test.calenderTest.calender(calenderTest.java:13)
at Test.calenderTest.calender(calenderTest.java:13)
at Test.calenderTest.calender(calenderTest.java:13)
at Test.calenderTest.calender(calenderTest.java:13)
at Test.calenderTest.calender(calenderTest.java:13)
at Test.calenderTest.calender(calenderTest.java:13)
at Test.calenderTest.calender(calenderTest.java:13)
at Test.calenderTest.calender(calenderTest.java:13)
at Test.calenderTest.calender(calenderTest.java:13)
at Test.calenderTest.calender(calenderTest.java:13)
at Test.calenderTest.calender(calenderTest.java:13)
at Test.calenderTest.calender(calenderTest.java:13)
at Test.calenderTest.calender(calenderTest.java:13)
at Test.calenderTest.calender(calenderTest.java:13)
at Test.calenderTest.calender(calenderTest.java:13)
at Test.calenderTest.calender(calenderTest.java:13)
at Test.calenderTest.calender(calenderTest.java:13)
at Test.calenderTest.calender(calenderTest.java:13)
at Test.calenderTest.calender(calenderTest.java:13)
at Test.calenderTest.calender(calenderTest.java:13)
at Test.calenderTest.calender(calenderTest.java:13)
at Test.calenderTest.calender(calenderTest.java:13)
at Test.calenderTest.calender(calenderTest.java:13)
at Test.calenderTest.calender(calenderTest.java:13)
at Test.calenderTest.calender(calenderTest.java:13)
at Test.calenderTest.calender(calenderTest.java:13)
at Test.calenderTest.calender(calenderTest.java:13)
at Test.calenderTest.calender(calenderTest.java:13)
at Test.calenderTest.calender(calenderTest.java:13)
at Test.calenderTest.calender(calenderTest.java:13)
at Test.calenderTest.calender(calenderTest.java:13)
at Test.calenderTest.calender(calenderTest.java:13)
at Test.calenderTest.calender(calenderTest.java:13)
at Test.calenderTest.calender(calenderTest.java:13)
at Test.calenderTest.calender(calenderTest.java:13)
at Test.calenderTest.calender(calenderTest.java:13)
at Test.calenderTest.calender(calenderTest.java:13)
at Test.calenderTest.calender(calenderTest.java:13)
at Test.calenderTest.calender(calenderTest.java:13)
at Test.calenderTest.calender(calenderTest.java:13)
at Test.calenderTest.calender(calenderTest.java:13)
at Test.calenderTest.calender(calenderTest.java:13)
at Test.calenderTest.calender(calenderTest.java:13)
at Test.calenderTest.calender(calenderTest.java:13)
at Test.calenderTest.calender(calenderTest.java:13)
at Test.calenderTest.calender(calenderTest.java:13)
at Test.calenderTest.calender(calenderTest.java:13)
at Test.calenderTest.calender(calenderTest.java:13)
at Test.calenderTest.calender(calenderTest.java:13)
at Test.calenderTest.calender(calenderTest.java:13)
at Test.calenderTest.calender(calenderTest.java:13)
at Test.calenderTest.calender(calenderTest.java:13)
at Test.calenderTest.calender(calenderTest.java:13)
at Test.calenderTest.calender(calenderTest.java:13)
at Test.calenderTest.calender(calenderTest.java:13)
at Test.calenderTest.calender(calenderTest.java:13)
at Test.calenderTest.calender(calenderTest.java:13)
at Test.calenderTest.calender(calenderTest.java:13)
at Test.calenderTest.calender(calenderTest.java:13)
at Test.calenderTest.calender(calenderTest.java:13)
at Test.calenderTest.calender(calenderTest.java:13)
at Test.calenderTest.calender(calenderTest.java:13)
at Test.calenderTest.calender(calenderTest.java:13)
at Test.calenderTest.calender(calenderTest.java:13)
at Test.calenderTest.calender(calenderTest.java:13)
at Test.calenderTest.calender(calenderTest.java:13)
at Test.calenderTest.calender(calenderTest.java:13)
at Test.calenderTest.calender(calenderTest.java:13)
at Test.calenderTest.calender(calenderTest.java:13)
at Test.calenderTest.calender(calenderTest.java:13)
at Test.calenderTest.calender(calenderTest.java:13)
at Test.calenderTest.calender(calenderTest.java:13)
at Test.calenderTest.calender(calenderTest.java:13)
at Test.calenderTest.calender(calenderTest.java:13)
at Test.calenderTest.calender(calenderTest.java:13)
at Test.calenderTest.calender(calenderTest.java:13)
at Test.calenderTest.calender(calenderTest.java:13)
at Test.calenderTest.calender(calenderTest.java:13)
at Test.calenderTest.calender(calenderTest.java:13)
at Test.calenderTest.calender(calenderTest.java:13)
at Test.calenderTest.calender(calenderTest.java:13)
at Test.calenderTest.calender(calenderTest.java:13)
at Test.calenderTest.calender(calenderTest.java:13)
at Test.calenderTest.calender(calenderTest.java:13)
at Test.calenderTest.calender(calenderTest.java:13)
at Test.calenderTest.calender(calenderTest.java:13)
at Test.calenderTest.calender(calenderTest.java:13)
at Test.calenderTest.calender(calenderTest.java:13)
at Test.calenderTest.calender(calenderTest.java:13)
at Test.calenderTest.calender(calenderTest.java:13)
at Test.calenderTest.calender(calenderTest.java:13)
at Test.calenderTest.calender(calenderTest.java:13)
at Test.calenderTest.calender(calenderTest.java:13)
at Test.calenderTest.calender(calenderTest.java:13)
at Test.calenderTest.calender(calenderTest.java:13)
at Test.calenderTest.calender(calenderTest.java:13)
at Test.calenderTest.calender(calenderTest.java:13)
at Test.calenderTest.calender(calenderTest.java:13)
at Test.calenderTest.calender(calenderTest.java:13)
at Test.calenderTest.calender(calenderTest.java:13)
at Test.calenderTest.calender(calenderTest.java:13)
at Test.calenderTest.calender(calenderTest.java:13)
at Test.calenderTest.calender(calenderTest.java:13)
at Test.calenderTest.calender(calenderTest.java:13)
at Test.calenderTest.calender(calenderTest.java:13)
at Test.calenderTest.calender(calenderTest.java:13)
at Test.calenderTest.calender(calenderTest.java:13)
at Test.calenderTest.calender(calenderTest.java:13)
at Test.calenderTest.calender(calenderTest.java:13)
at Test.calenderTest.calender(calenderTest.java:13)
at Test.calenderTest.calender(calenderTest.java:13)
at Test.calenderTest.calender(calenderTest.java:13)
at Test.calenderTest.calender(calenderTest.java:13)
at Test.calenderTest.calender(calenderTest.java:13)
at Test.calenderTest.calender(calenderTest.java:13)
at Test.calenderTest.calender(calenderTest.java:13)
at Test.calenderTest.calender(calenderTest.java:13)
at Test.calenderTest.calender(calenderTest.java:13)
at Test.calenderTest.calender(calenderTest.java:13)
at Test.calenderTest.calender(calenderTest.java:13)
at Test.calenderTest.calender(calenderTest.java:13)
at Test.calenderTest.calender(calenderTest.java:13)
at Test.calenderTest.calender(calenderTest.java:13)
at Test.calenderTest.calender(calenderTest.java:13)
at Test.calenderTest.calender(calenderTest.java:13)
at Test.calenderTest.calender(calenderTest.java:13)
at Test.calenderTest.calender(calenderTest.java:13)
at Test.calenderTest.calender(calenderTest.java:13)
at Test.calenderTest.calender(calenderTest.java:13)
at Test.calenderTest.calender(calenderTest.java:13)
at Test.calenderTest.calender(calenderTest.java:13)
at Test.calenderTest.calender(calenderTest.java:13)
at Test.calenderTest.calender(calenderTest.java:13)
at Test.calenderTest.calender(calenderTest.java:13)
at Test.calenderTest.calender(calenderTest.java:13)
at Test.calenderTest.calender(calenderTest.java:13)
at Test.calenderTest.calender(calenderTest.java:13)
at Test.calenderTest.calender(calenderTest.java:13)
at Test.calenderTest.calender(calenderTest.java:13)
at Test.calenderTest.calender(calenderTest.java:13)
at Test.calenderTest.calender(calenderTest.java:13)
at Test.calenderTest.calender(calenderTest.java:13)
at Test.calenderTest.calender(calenderTest.java:13)
at Test.calenderTest.calender(calenderTest.java:13)
at Test.calenderTest.calender(calenderTest.java:13)
at Test.calenderTest.calender(calenderTest.java:13)
at Test.calenderTest.calender(calenderTest.java:13)
at Test.calenderTest.calender(calenderTest.java:13)
at Test.calenderTest.calender(calenderTest.java:13)
at Test.calenderTest.calender(calenderTest.java:13)
at Test.calenderTest.calender(calenderTest.java:13)
at Test.calenderTest.calender(calenderTest.java:13)
at Test.calenderTest.calender(calenderTest.java:13)
at Test.calenderTest.calender(calenderTest.java:13)
at Test.calenderTest.calender(calenderTest.java:13)
at Test.calenderTest.calender(calenderTest.java:13)
at Test.calenderTest.calender(calenderTest.java:13)
at Test.calenderTest.calender(calenderTest.java:13)
at Test.calenderTest.calender(calenderTest.java:13)
at Test.calenderTest.calender(calenderTest.java:13)
at Test.calenderTest.calender(calenderTest.java:13)
at Test.calenderTest.calender(calenderTest.java:13)
at Test.calenderTest.calender(calenderTest.java:13)
at Test.calenderTest.calender(calenderTest.java:13)
at Test.calenderTest.calender(calenderTest.java:13)
at Test.calenderTest.calender(calenderTest.java:13)
at Test.calenderTest.calender(calenderTest.java:13)
at Test.calenderTest.calender(calenderTest.java:13)
at Test.calenderTest.calender(calenderTest.java:13)
at Test.calenderTest.calender(calenderTest.java:13)
at Test.calenderTest.calender(calenderTest.java:13)
at Test.calenderTest.calender(calenderTest.java:13)
at Test.calenderTest.calender(calenderTest.java:13)
at Test.calenderTest.calender(calenderTest.java:13)
at Test.calenderTest.calender(calenderTest.java:13)
at Test.calenderTest.calender(calenderTest.java:13)
at Test.calenderTest.calender(calenderTest.java:13)
at Test.calenderTest.calender(calenderTest.java:13)
at Test.calenderTest.calender(calenderTest.java:13)
at Test.calenderTest.calender(calenderTest.java:13)
at Test.calenderTest.calender(calenderTest.java:13)
at Test.calenderTest.calender(calenderTest.java:13)
at Test.calenderTest.calender(calenderTest.java:13)
at Test.calenderTest.calender(calenderTest.java:13)
at Test.calenderTest.calender(calenderTest.java:13)
at Test.calenderTest.calender(calenderTest.java:13)
at Test.calenderTest.calender(calenderTest.java:13)
at Test.calenderTest.calender(calenderTest.java:13)
at Test.calenderTest.calender(calenderTest.java:13)
at Test.calenderTest.calender(calenderTest.java:13)
at Test.calenderTest.calender(calenderTest.java:13)
at Test.calenderTest.calender(calenderTest.java:13)
at Test.calenderTest.calender(calenderTest.java:13)
at Test.calenderTest.calender(calenderTest.java:13)
at Test.calenderTest.calender(calenderTest.java:13)
at Test.calenderTest.calender(calenderTest.java:13)
at Test.calenderTest.calender(calenderTest.java:13)
at Test.calenderTest.calender(calenderTest.java:13)
at Test.calenderTest.calender(calenderTest.java:13)
at Test.calenderTest.calender(calenderTest.java:13)
at Test.calenderTest.calender(calenderTest.java:13)
at Test.calenderTest.calender(calenderTest.java:13)
at Test.calenderTest.calender(calenderTest.java:13)
at Test.calenderTest.calender(calenderTest.java:13)
at Test.calenderTest.calender(calenderTest.java:13)
at Test.calenderTest.calender(calenderTest.java:13)
at Test.calenderTest.calender(calenderTest.java:13)
at Test.calenderTest.calender(calenderTest.java:13)
at Test.calenderTest.calender(calenderTest.java:13)
at Test.calenderTest.calender(calenderTest.java:13)
at Test.calenderTest.calender(calenderTest.java:13)
at Test.calenderTest.calender(calenderTest.java:13)
at Test.calenderTest.calender(calenderTest.java:13)
at Test.calenderTest.calender(calenderTest.java:13)
at Test.calenderTest.calender(calenderTest.java:13)
at Test.calenderTest.calender(calenderTest.java:13)
at Test.calenderTest.calender(calenderTest.java:13)
at Test.calenderTest.calender(calenderTest.java:13)
at Test.calenderTest.calender(calenderTest.java:13)
at Test.calenderTest.calender(calenderTest.java:13)
at Test.calenderTest.calender(calenderTest.java:13)
at Test.calenderTest.calender(calenderTest.java:13)
at Test.calenderTest.calender(calenderTest.java:13)
at Test.calenderTest.calender(calenderTest.java:13)
at Test.calenderTest.calender(calenderTest.java:13)
at Test.calenderTest.calender(calenderTest.java:13)
at Test.calenderTest.calender(calenderTest.java:13)
at Test.calenderTest.calender(calenderTest.java:13)
at Test.calenderTest.calender(calenderTest.java:13)
at Test.calenderTest.calender(calenderTest.java:13)
at Test.calenderTest.calender(calenderTest.java:13)
at Test.calenderTest.calender(calenderTest.java:13)
at Test.calenderTest.calender(calenderTest.java:13)
at Test.calenderTest.calender(calenderTest.java:13)
at Test.calenderTest.calender(calenderTest.java:13)
at Test.calenderTest.calender(calenderTest.java:13)
at Test.calenderTest.calender(calenderTest.java:13)
at Test.calenderTest.calender(calenderTest.java:13)
at Test.calenderTest.calender(calenderTest.java:13)
at Test.calenderTest.calender(calenderTest.java:13)
at Test.calenderTest.calender(calenderTest.java:13)
at Test.calenderTest.calender(calenderTest.java:13)
at Test.calenderTest.calender(calenderTest.java:13)
at Test.calenderTest.calender(calenderTest.java:13)
at Test.calenderTest.calender(calenderTest.java:13)
at Test.calenderTest.calender(calenderTest.java:13)
at Test.calenderTest.calender(calenderTest.java:13)
at Test.calenderTest.calender(calenderTest.java:13)
at Test.calenderTest.calender(calenderTest.java:13)
at Test.calenderTest.calender(calenderTest.java:13)
at Test.calenderTest.calender(calenderTest.java:13)
at Test.calenderTest.calender(calenderTest.java:13)
at Test.calenderTest.calender(calenderTest.java:13)
at Test.calenderTest.calender(calenderTest.java:13)
at Test.calenderTest.calender(calenderTest.java:13)
at Test.calenderTest.calender(calenderTest.java:13)
at Test.calenderTest.calender(calenderTest.java:13)
at Test.calenderTest.calender(calenderTest.java:13)
at Test.calenderTest.calender(calenderTest.java:13)
at Test.calenderTest.calender(calenderTest.java:13)
at Test.calenderTest.calender(calenderTest.java:13)
at Test.calenderTest.calender(calenderTest.java:13)
at Test.calenderTest.calender(calenderTest.java:13)
at Test.calenderTest.calender(calenderTest.java:13)
at Test.calenderTest.calender(calenderTest.java:13)
at Test.calenderTest.calender(calenderTest.java:13)
at Test.calenderTest.calender(calenderTest.java:13)
at Test.calenderTest.calender(calenderTest.java:13)
at Test.calenderTest.calender(calenderTest.java:13)
at Test.calenderTest.calender(calenderTest.java:13)
at Test.calenderTest.calender(calenderTest.java:13)
at Test.calenderTest.calender(calenderTest.java:13)
at Test.calenderTest.calender(calenderTest.java:13)
at Test.calenderTest.calender(calenderTest.java:13)
at Test.calenderTest.calender(calenderTest.java:13)
at Test.calenderTest.calender(calenderTest.java:13)
at Test.calenderTest.calender(calenderTest.java:13)
at Test.calenderTest.calender(calenderTest.java:13)
at Test.calenderTest.calender(calenderTest.java:13)
at Test.calenderTest.calender(calenderTest.java:13)
at Test.calenderTest.calender(calenderTest.java:13)
at Test.calenderTest.calender(calenderTest.java:13)
at Test.calenderTest.calender(calenderTest.java:13)
at Test.calenderTest.calender(calenderTest.java:13)
at Test.calenderTest.calender(calenderTest.java:13)
at Test.calenderTest.calender(calenderTest.java:13)
at Test.calenderTest.calender(calenderTest.java:13)
at Test.calenderTest.calender(calenderTest.java:13)
at Test.calenderTest.calender(calenderTest.java:13)
at Test.calenderTest.calender(calenderTest.java:13)
at Test.calenderTest.calender(calenderTest.java:13)
at Test.calenderTest.calender(calenderTest.java:13)
at Test.calenderTest.calender(calenderTest.java:13)
at Test.calenderTest.calender(calenderTest.java:13)
at Test.calenderTest.calender(calenderTest.java:13)
at Test.calenderTest.calender(calenderTest.java:13)
at Test.calenderTest.calender(calenderTest.java:13)
at Test.calenderTest.calender(calenderTest.java:13)
at Test.calenderTest.calender(calenderTest.java:13)
at Test.calenderTest.calender(calenderTest.java:13)
at Test.calenderTest.calender(calenderTest.java:13)
at Test.calenderTest.calender(calenderTest.java:13)
at Test.calenderTest.calender(calenderTest.java:13)
at Test.calenderTest.calender(calenderTest.java:13)
at Test.calenderTest.calender(calenderTest.java:13)
at Test.calenderTest.calender(calenderTest.java:13)
at Test.calenderTest.calender(calenderTest.java:13)
at Test.calenderTest.calender(calenderTest.java:13)
at Test.calenderTest.calender(calenderTest.java:13)
at Test.calenderTest.calender(calenderTest.java:13)
at Test.calenderTest.calender(calenderTest.java:13)
at Test.calenderTest.calender(calenderTest.java:13)
at Test.calenderTest.calender(calenderTest.java:13)
at Test.calenderTest.calender(calenderTest.java:13)
at Test.calenderTest.calender(calenderTest.java:13)
at Test.calenderTest.calender(calenderTest.java:13)
at Test.calenderTest.calender(calenderTest.java:13)
at Test.calenderTest.calender(calenderTest.java:13)
at Test.calenderTest.calender(calenderTest.java:13)
at Test.calenderTest.calender(calenderTest.java:13)
at Test.calenderTest.calender(calenderTest.java:13)
at Test.calenderTest.calender(calenderTest.java:13)
at Test.calenderTest.calender(calenderTest.java:13)
at Test.calenderTest.calender(calenderTest.java:13)
at Test.calenderTest.calender(calenderTest.java:13)
at Test.calenderTest.calender(calenderTest.java:13)
at Test.calenderTest.calender(calenderTest.java:13)
at Test.calenderTest.calender(calenderTest.java:13)
at Test.calenderTest.calender(calenderTest.java:13)
at Test.calenderTest.calender(calenderTest.java:13)
at Test.calenderTest.calender(calenderTest.java:13)
at Test.calenderTest.calender(calenderTest.java:13)
at Test.calenderTest.calender(calenderTest.java:13)
at Test.calenderTest.calender(calenderTest.java:13)
at Test.calenderTest.calender(calenderTest.java:13)
at Test.calenderTest.calender(calenderTest.java:13)
at Test.calenderTest.calender(calenderTest.java:13)
at Test.calenderTest.calender(calenderTest.java:13)
at Test.calenderTest.calender(calenderTest.java:13)
at Test.calenderTest.calender(calenderTest.java:13)
at Test.calenderTest.calender(calenderTest.java:13)
at Test.calenderTest.calender(calenderTest.java:13)
at Test.calenderTest.calender(calenderTest.java:13)
at Test.calenderTest.calender(calenderTest.java:13)
at Test.calenderTest.calender(calenderTest.java:13)
at Test.calenderTest.calender(calenderTest.java:13)
at Test.calenderTest.calender(calenderTest.java:13)
at Test.calenderTest.calender(calenderTest.java:13)
at Test.calenderTest.calender(calenderTest.java:13)
at Test.calenderTest.calender(calenderTest.java:13)
at Test.calenderTest.calender(calenderTest.java:13)
at Test.calenderTest.calender(calenderTest.java:13)
at Test.calenderTest.calender(calenderTest.java:13)
at Test.calenderTest.calender(calenderTest.java:13)
at Test.calenderTest.calender(calenderTest.java:13)
at Test.calenderTest.calender(calenderTest.java:13)
at Test.calenderTest.calender(calenderTest.java:13)
at Test.calenderTest.calender(calenderTest.java:13)
at Test.calenderTest.calender(calenderTest.java:13)
at Test.calenderTest.calender(calenderTest.java:13)
at Test.calenderTest.calender(calenderTest.java:13)
at Test.calenderTest.calender(calenderTest.java:13)
at Test.calenderTest.calender(calenderTest.java:13)
at Test.calenderTest.calender(calenderTest.java:13)
at Test.calenderTest.calender(calenderTest.java:13)
at Test.calenderTest.calender(calenderTest.java:13)
at Test.calenderTest.calender(calenderTest.java:13)
at Test.calenderTest.calender(calenderTest.java:13)
at Test.calenderTest.calender(calenderTest.java:13)
at Test.calenderTest.calender(calenderTest.java:13)
at Test.calenderTest.calender(calenderTest.java:13)
at Test.calenderTest.calender(calenderTest.java:13)
at Test.calenderTest.calender(calenderTest.java:13)
at Test.calenderTest.calender(calenderTest.java:13)
at Test.calenderTest.calender(calenderTest.java:13)
at Test.calenderTest.calender(calenderTest.java:13)
at Test.calenderTest.calender(calenderTest.java:13)
at Test.calenderTest.calender(calenderTest.java:13)
at Test.calenderTest.calender(calenderTest.java:13)
at Test.calenderTest.calender(calenderTest.java:13)
at Test.calenderTest.calender(calenderTest.java:13)
at Test.calenderTest.calender(calenderTest.java:13)
at Test.calenderTest.calender(calenderTest.java:13)
at Test.calenderTest.calender(calenderTest.java:13)
at Test.calenderTest.calender(calenderTest.java:13)
at Test.calenderTest.calender(calenderTest.java:13)
at Test.calenderTest.calender(calenderTest.java:13)
at Test.calenderTest.calender(calenderTest.java:13)
at Test.calenderTest.calender(calenderTest.java:13)
at Test.calenderTest.calender(calenderTest.java:13)
at Test.calenderTest.calender(calenderTest.java:13)
at Test.calenderTest.calender(calenderTest.java:13)
at Test.calenderTest.calender(calenderTest.java:13)
at Test.calenderTest.calender(calenderTest.java:13)
at Test.calenderTest.calender(calenderTest.java:13)
at Test.calenderTest.calender(calenderTest.java:13)
at Test.calenderTest.calender(calenderTest.java:13)
at Test.calenderTest.calender(calenderTest.java:13)
at Test.calenderTest.calender(calenderTest.java:13)
at Test.calenderTest.calender(calenderTest.java:13)
at Test.calenderTest.calender(calenderTest.java:13)
at Test.calenderTest.calender(calenderTest.java:13)
at Test.calenderTest.calender(calenderTest.java:13)
at Test.calenderTest.calender(calenderTest.java:13)
at Test.calenderTest.calender(calenderTest.java:13)
at Test.calenderTest.calender(calenderTest.java:13)
at Test.calenderTest.calender(calenderTest.java:13)
at Test.calenderTest.calender(calenderTest.java:13)
at Test.calenderTest.calender(calenderTest.java:13)
at Test.calenderTest.calender(calenderTest.java:13)
at Test.calenderTest.calender(calenderTest.java:13)
at Test.calenderTest.calender(calenderTest.java:13)
at Test.calenderTest.calender(calenderTest.java:13)
at Test.calenderTest.calender(calenderTest.java:13)
at Test.calenderTest.calender(calenderTest.java:13)
at Test.calenderTest.calender(calenderTest.java:13)
at Test.calenderTest.calender(calenderTest.java:13)
at Test.calenderTest.calender(calenderTest.java:13)
at Test.calenderTest.calender(calenderTest.java:13)
at Test.calenderTest.calender(calenderTest.java:13)
at Test.calenderTest.calender(calenderTest.java:13)
at Test.calenderTest.calender(calenderTest.java:13)
at Test.calenderTest.calender(calenderTest.java:13)
at Test.calenderTest.calender(calenderTest.java:13)
at Test.calenderTest.calender(calenderTest.java:13)
at Test.calenderTest.calender(calenderTest.java:13)
at Test.calenderTest.calender(calenderTest.java:13)
at Test.calenderTest.calender(calenderTest.java:13)
at Test.calenderTest.calender(calenderTest.java:13)
at Test.calenderTest.calender(calenderTest.java:13)
at Test.calenderTest.calender(calenderTest.java:13)
at Test.calenderTest.calender(calenderTest.java:13)
at Test.calenderTest.calender(calenderTest.java:13)
at Test.calenderTest.calender(calenderTest.java:13)
at Test.calenderTest.calender(calenderTest.java:13)
at Test.calenderTest.calender(calenderTest.java:13)
at Test.calenderTest.calender(calenderTest.java:13)
at Test.calenderTest.calender(calenderTest.java:13)
at Test.calenderTest.calender(calenderTest.java:13)
at Test.calenderTest.calender(calenderTest.java:13)
at Test.calenderTest.calender(calenderTest.java:13)
at Test.calenderTest.calender(calenderTest.java:13)
at Test.calenderTest.calender(calenderTest.java:13)
at Test.calenderTest.calender(calenderTest.java:13)
at Test.calenderTest.calender(calenderTest.java:13)
at Test.calenderTest.calender(calenderTest.java:13)
at Test.calenderTest.calender(calenderTest.java:13)
at Test.calenderTest.calender(calenderTest.java:13)
at Test.calenderTest.calender(calenderTest.java:13)
at Test.calenderTest.calender(calenderTest.java:13)
at Test.calenderTest.calender(calenderTest.java:13)
at Test.calenderTest.calender(calenderTest.java:13)
at Test.calenderTest.calender(calenderTest.java:13)
at Test.calenderTest.calender(calenderTest.java:13)
at Test.calenderTest.calender(calenderTest.java:13)
at Test.calenderTest.calender(calenderTest.java:13)
at Test.calenderTest.calender(calenderTest.java:13)
at Test.calenderTest.calender(calenderTest.java:13)
at Test.calenderTest.calender(calenderTest.java:13)
at Test.calenderTest.calender(calenderTest.java:13)
at Test.calenderTest.calender(calenderTest.java:13)
at Test.calenderTest.calender(calenderTest.java:13)
at Test.calenderTest.calender(calenderTest.java:13)
at Test.calenderTest.calender(calenderTest.java:13)
at Test.calenderTest.calender(calenderTest.java:13)
at Test.calenderTest.calender(calenderTest.java:13)
at Test.calenderTest.calender(calenderTest.java:13)
at Test.calenderTest.calender(calenderTest.java:13)
at Test.calenderTest.calender(calenderTest.java:13)
at Test.calenderTest.calender(calenderTest.java:13)
at Test.calenderTest.calender(calenderTest.java:13)
at Test.calenderTest.calender(calenderTest.java:13)
at Test.calenderTest.calender(calenderTest.java:13)
at Test.calenderTest.calender(calenderTest.java:13)
at Test.calenderTest.calender(calenderTest.java:13)
at Test.calenderTest.calender(calenderTest.java:13)
at Test.calenderTest.calender(calenderTest.java:13)
at Test.calenderTest.calender(calenderTest.java:13)
at Test.calenderTest.calender(calenderTest.java:13)
at Test.calenderTest.calender(calenderTest.java:13)
at Test.calenderTest.calender(calenderTest.java:13)
at Test.calenderTest.calender(calenderTest.java:13)
at Test.calenderTest.calender(calenderTest.java:13)
at Test.calenderTest.calender(calenderTest.java:13)
at Test.calenderTest.calender(calenderTest.java:13)
at Test.calenderTest.calender(calenderTest.java:13)
at Test.calenderTest.calender(calenderTest.java:13)
at Test.calenderTest.calender(calenderTest.java:13)
at Test.calenderTest.calender(calenderTest.java:13)
at Test.calenderTest.calender(calenderTest.java:13)
at Test.calenderTest.calender(calenderTest.java:13)
at Test.calenderTest.calender(calenderTest.java:13)
at Test.calenderTest.calender(calenderTest.java:13)
at Test.calenderTest.calender(calenderTest.java:13)
at Test.calenderTest.calender(calenderTest.java:13)
at Test.calenderTest.calender(calenderTest.java:13)
at Test.calenderTest.calender(calenderTest.java:13)
at Test.calenderTest.calender(calenderTest.java:13)
at Test.calenderTest.calender(calenderTest.java:13)
at Test.calenderTest.calender(calenderTest.java:13)
at Test.calenderTest.calender(calenderTest.java:13)
at Test.calenderTest.calender(calenderTest.java:13)
at Test.calenderTest.calender(calenderTest.java:13)
at Test.calenderTest.calender(calenderTest.java:13)
at Test.calenderTest.calender(calenderTest.java:13)
at Test.calenderTest.calender(calenderTest.java:13)
at Test.calenderTest.calender(calenderTest.java:13)
at Test.calenderTest.calender(calenderTest.java:13)
at Test.calenderTest.calender(calenderTest.java:13)
at Test.calenderTest.calender(calenderTest.java:13)
at Test.calenderTest.calender(calenderTest.java:13)
at Test.calenderTest.calender(calenderTest.java:13)
at Test.calenderTest.calender(calenderTest.java:13)
at Test.calenderTest.calender(calenderTest.java:13)
at Test.calenderTest.calender(calenderTest.java:13)
at Test.calenderTest.calender(calenderTest.java:13)
at Test.calenderTest.calender(calenderTest.java:13)
at Test.calenderTest.calender(calenderTest.java:13)
at Test.calenderTest.calender(calenderTest.java:13)
at Test.calenderTest.calender(calenderTest.java:13)
at Test.calenderTest.calender(calenderTest.java:13)
at Test.calenderTest.calender(calenderTest.java:13)
at Test.calenderTest.calender(calenderTest.java:13)
at Test.calenderTest.calender(calenderTest.java:13)
at Test.calenderTest.calender(calenderTest.java:13)
at Test.calenderTest.calender(calenderTest.java:13)
at Test.calenderTest.calender(calenderTest.java:13)
at Test.calenderTest.calender(calenderTest.java:13)
at Test.calenderTest.calender(calenderTest.java:13)
at Test.calenderTest.calender(calenderTest.java:13)
at Test.calenderTest.calender(calenderTest.java:13)
at Test.calenderTest.calender(calenderTest.java:13)
at Test.calenderTest.calender(calenderTest.java:13)
at Test.calenderTest.calender(calenderTest.java:13)
at Test.calenderTest.calender(calenderTest.java:13)
at Test.calenderTest.calender(calenderTest.java:13)
at Test.calenderTest.calender(calenderTest.java:13)
at Test.calenderTest.calender(calenderTest.java:13)
at Test.calenderTest.calender(calenderTest.java:13)
at Test.calenderTest.calender(calenderTest.java:13)
at Test.calenderTest.calender(calenderTest.java:13)
at Test.calenderTest.calender(calenderTest.java:13)
at Test.calenderTest.calender(calenderTest.java:13)
at Test.calenderTest.calender(calenderTest.java:13)
at Test.calenderTest.calender(calenderTest.java:13)
at Test.calenderTest.calender(calenderTest.java:13)
at Test.calenderTest.calender(calenderTest.java:13)
at Test.calenderTest.calender(calenderTest.java:13)
at Test.calenderTest.calender(calenderTest.java:13)
at Test.calenderTest.calender(calenderTest.java:13)
at Test.calenderTest.calender(calenderTest.java:13)
at Test.calenderTest.calender(calenderTest.java:13)
at Test.calenderTest.calender(calenderTest.java:13)
at Test.calenderTest.calender(calenderTest.java:13)
at Test.calenderTest.calender(calenderTest.java:13)
at Test.calenderTest.calender(calenderTest.java:13)
at Test.calenderTest.calender(calenderTest.java:13)
at Test.calenderTest.calender(calenderTest.java:13)
at Test.calenderTest.calender(calenderTest.java:13)
at Test.calenderTest.calender(calenderTest.java:13)
at Test.calenderTest.calender(calenderTest.java:13)
at Test.calenderTest.calender(calenderTest.java:13)
at Test.calenderTest.calender(calenderTest.java:13)
at Test.calenderTest.calender(calenderTest.java:13)
at Test.calenderTest.calender(calenderTest.java:13)
at Test.calenderTest.calender(calenderTest.java:13)
at Test.calenderTest.calender(calenderTest.java:13)
at Test.calenderTest.calender(calenderTest.java:13)
at Test.calenderTest.calender(calenderTest.java:13)
at Test.calenderTest.calender(calenderTest.java:13)
at Test.calenderTest.calender(calenderTest.java:13)
at Test.calenderTest.calender(calenderTest.java:13)
at Test.calenderTest.calender(calenderTest.java:13)
at Test.calenderTest.calender(calenderTest.java:13)
at Test.calenderTest.calender(calenderTest.java:13)
at Test.calenderTest.calender(calenderTest.java:13)
at Test.calenderTest.calender(calenderTest.java:13)
at Test.calenderTest.calender(calenderTest.java:13)
at Test.calenderTest.calender(calenderTest.java:13)
at Test.calenderTest.calender(calenderTest.java:13)
at Test.calenderTest.calender(calenderTest.java:13)
at Test.calenderTest.calender(calenderTest.java:13)
at Test.calenderTest.calender(calenderTest.java:13)
at Test.calenderTest.calender(calenderTest.java:13)
at Test.calenderTest.calender(calenderTest.java:13)
at Test.calenderTest.calender(calenderTest.java:13)
at Test.calenderTest.calender(calenderTest.java:13)
at Test.calenderTest.calender(calenderTest.java:13)
at Test.calenderTest.calender(calenderTest.java:13)
at Test.calenderTest.calender(calenderTest.java:13)
]]>
    </failure>
  </testcase> <!-- calender -->
</testsuite> <!-- Command line test ab09a39e-0f4e-4ddd-a54e-a7afa7183a12 -->
