<?xml version="1.0" encoding="UTF-8"?>
<!-- Generated by org.testng.reporters.JUnitXMLReporter -->
<testsuite ignored="0" hostname="ZSCHN01LP0340" failures="1" tests="1" name="Command line test 165cc1cc-804d-4fda-bc54-e56ff021b440" time="24.153" errors="0" timestamp="2022-12-15T12:22:12 IST">
  <testcase classname="Pages.webAction" name="@AfterClass logoutFromApplication" time="2.071">
    <failure type="java.lang.AssertionError" message="Unable to logout from the application">
      <![CDATA[java.lang.AssertionError: Unable to logout from the application
at Pages.webAction.logoutFromApplication(webAction.java:166)
at java.base/java.util.ArrayList.forEach(ArrayList.java:1511)
at Test.TestNGXML.xml(TestNGXML.java:121)
at Test.TestNGXML.main(TestNGXML.java:126)
... Removed 23 stack frames]]>
    </failure>
  </testcase> <!-- @AfterClass logoutFromApplication -->
  <testcase classname="Test.leaveTest" name="applyleave" time="11.511">
    <failure type="java.lang.AssertionError" message="Unable to locate the element">
      <![CDATA[java.lang.AssertionError: Unable to locate the element
at Pages.webAction.element(webAction.java:341)
at Pages.webAction.loginToApplication(webAction.java:409)
at Test.leaveTest.applyleave(leaveTest.java:20)
at java.base/java.util.ArrayList.forEach(ArrayList.java:1511)
at Test.TestNGXML.xml(TestNGXML.java:121)
at Test.TestNGXML.main(TestNGXML.java:126)
... Removed 25 stack frames]]>
    </failure>
  </testcase> <!-- applyleave -->
</testsuite> <!-- Command line test 165cc1cc-804d-4fda-bc54-e56ff021b440 -->
