<?xml version="1.0" encoding="UTF-8"?>
<!-- Generated by org.testng.reporters.JUnitXMLReporter -->
<testsuite ignored="0" hostname="ZSCHN01LP0295" failures="0" tests="1" name="Command line test 57863e6a-0167-4ee2-9c99-cef9f00943cf" time="36.943" errors="0" timestamp="2022-11-22T19:04:20 IST">
  <testcase classname="Pages.webAction" name="@AfterClass logoutFromApplication" time="12.631">
    <failure type="java.lang.AssertionError" message="Unable to locate the element">
      <![CDATA[java.lang.AssertionError: Unable to locate the element
at Pages.webAction.element(webAction.java:330)
at Pages.webAction.logoutFromApplication(webAction.java:154)
at java.base/java.util.ArrayList.forEach(ArrayList.java:1511)
at Test.TestNGXML.xml(TestNGXML.java:121)
at Test.TestNGXML.main(TestNGXML.java:126)
... Removed 23 stack frames]]>
    </failure>
  </testcase> <!-- @AfterClass logoutFromApplication -->
  <testcase classname="Test.calenderTest" name="calender_test" time="17.976"/>
</testsuite> <!-- Command line test 57863e6a-0167-4ee2-9c99-cef9f00943cf -->
