<?xml version="1.0" encoding="UTF-8"?>
<!-- Generated by org.testng.reporters.JUnitXMLReporter -->
<testsuite ignored="0" hostname="ZSCHN01LP0292" failures="1" tests="1" name="Command line test 40c8b3a4-61cd-4626-b7f4-f57d0c1d75d7" time="17.003" errors="0" timestamp="2022-11-09T15:43:49 IST">
  <testcase classname="Test.TestUserCreation" name="userCreation" time="0.651">
    <failure type="java.lang.AssertionError" message=" Could not login to the application">
      <![CDATA[java.lang.AssertionError:  Could not login to the application
at Pages.LoginPage.loginToApplication(LoginPage.java:18)
at Test.TestUserCreation.userCreation(TestUserCreation.java:24)
at java.base/java.util.ArrayList.forEach(ArrayList.java:1511)
at Test.TestNGXML.xml(TestNGXML.java:121)
at Test.TestNGXML.main(TestNGXML.java:126)
... Removed 25 stack frames]]>
    </failure>
  </testcase> <!-- userCreation -->
</testsuite> <!-- Command line test 40c8b3a4-61cd-4626-b7f4-f57d0c1d75d7 -->
