<?xml version="1.0" encoding="UTF-8"?>
<!-- Generated by org.testng.reporters.JUnitXMLReporter -->
<testsuite hostname="ZS-DSK-0014" ignored="0" name="Command line test 6adab915-26fc-41cd-8421-ee0e8342da26" tests="1" failures="1" timestamp="28 May 2020 07:28:59 GMT" time="38.021" errors="0">
  <testcase name="userCreation" time="26.348" classname="Test.TestUserDelete">
    <failure type="java.lang.AssertionError" message="Unable to locate the element">
      <![CDATA[java.lang.AssertionError: Unable to locate the element
	at Pages.webAction.element(webAction.java:294)
	at Pages.UserCreationandUserDelete.deleteUser(UserCreationandUserDelete.java:76)
	at Test.TestUserDelete.userCreation(TestUserDelete.java:25)
	at Test.TestNGXML.xml(TestNGXML.java:121)
	at Test.TestNGXML.main(TestNGXML.java:126)
... Removed 23 stack frames]]>
    </failure>
  </testcase> <!-- userCreation -->
</testsuite> <!-- Command line test 6adab915-26fc-41cd-8421-ee0e8342da26 -->
