<?xml version="1.0" encoding="UTF-8"?>
<!-- Generated by org.testng.reporters.JUnitXMLReporter -->
<testsuite ignored="0" hostname="ZSCHN01LP0340" failures="1" tests="1" name="Command line test e1620355-88a0-4974-8b5f-c3ddaa51bfe4" time="22.46" errors="0" timestamp="2022-12-19T12:21:01 IST">
  <testcase classname="Pages.webAction" name="@AfterClass logoutFromApplication" time="2.066">
    <failure type="java.lang.AssertionError" message="Unable to logout from the application">
      <![CDATA[java.lang.AssertionError: Unable to logout from the application
at Pages.webAction.logoutFromApplication(webAction.java:166)
at java.base/java.util.ArrayList.forEach(ArrayList.java:1511)
at Test.TestNGXML.xml(TestNGXML.java:121)
at Test.TestNGXML.main(TestNGXML.java:126)
... Removed 23 stack frames]]>
    </failure>
  </testcase> <!-- @AfterClass logoutFromApplication -->
  <testcase classname="Test.EmployeeDownloadTest$TestUserCreation" name="userCreation" time="10.343">
    <failure type="java.lang.AssertionError" message="Unable to locate the element">
      <![CDATA[java.lang.AssertionError: Unable to locate the element
at Pages.webAction.element(webAction.java:341)
at Pages.webAction.loginToApplication(webAction.java:408)
at Test.EmployeeDownloadTest$TestUserCreation.userCreation(EmployeeDownloadTest.java:23)
at java.base/java.util.ArrayList.forEach(ArrayList.java:1511)
at Test.TestNGXML.xml(TestNGXML.java:121)
at Test.TestNGXML.main(TestNGXML.java:126)
... Removed 25 stack frames]]>
    </failure>
  </testcase> <!-- userCreation -->
</testsuite> <!-- Command line test e1620355-88a0-4974-8b5f-c3ddaa51bfe4 -->
