<?xml version="1.0" encoding="UTF-8"?>
<!-- Generated by org.testng.reporters.JUnitXMLReporter -->
<testsuite hostname="ZS-DSK-0014" ignored="0" name="Command line test 59372c79-da94-4d51-b8bb-7b744e44a040" tests="1" failures="1" timestamp="28 May 2020 08:03:45 GMT" time="33.495" errors="0">
  <testcase name="deleteUserfromList" time="22.352" classname="Test.TestUserDelete">
    <failure type="java.lang.AssertionError" message="Unable to validate the user">
      <![CDATA[java.lang.AssertionError: Unable to validate the user
	at Pages.UserCreationandUserDelete.validateUserCreation(UserCreationandUserDelete.java:71)
	at Test.TestUserDelete.deleteUserfromList(TestUserDelete.java:32)
	at Test.TestNGXML.xml(TestNGXML.java:121)
	at Test.TestNGXML.main(TestNGXML.java:126)
... Removed 23 stack frames]]>
    </failure>
  </testcase> <!-- deleteUserfromList -->
</testsuite> <!-- Command line test 59372c79-da94-4d51-b8bb-7b744e44a040 -->
