<?xml version="1.0" encoding="UTF-8"?>
<!-- Generated by org.testng.reporters.JUnitXMLReporter -->
<testsuite hostname="ZS-DSK-0014" ignored="0" name="Command line test c16ba1d7-fe50-4d9d-9064-512bbdbd3243" tests="1" failures="1" timestamp="28 May 2020 07:25:49 GMT" time="44.455" errors="0">
  <testcase name="userCreation" time="25.664" classname="Test.TestUserDelete">
    <failure type="java.lang.AssertionError" message="Unable to locate the element">
      <![CDATA[java.lang.AssertionError: Unable to locate the element
	at Pages.webAction.element(webAction.java:294)
	at Pages.UserCreationandUserDelete.deleteUser(UserCreationandUserDelete.java:75)
	at Test.TestUserDelete.userCreation(TestUserDelete.java:25)
	at Test.TestNGXML.xml(TestNGXML.java:121)
	at Test.TestNGXML.main(TestNGXML.java:126)
... Removed 23 stack frames]]>
    </failure>
  </testcase> <!-- userCreation -->
</testsuite> <!-- Command line test c16ba1d7-fe50-4d9d-9064-512bbdbd3243 -->
