<?xml version="1.0" encoding="UTF-8"?>
<!-- Generated by org.testng.reporters.JUnitXMLReporter -->
<testsuite hostname="ZSCHN01LP0120" ignored="0" name="Command line test 3756da25-d6d3-4831-a453-563624624aa4" tests="1" failures="0" timestamp="26 Oct 2022 12:19:29 GMT" time="0.544" errors="0">
  <testcase name="@BeforeClass before_Class" time="0.543" classname="Pages.webAction">
    <failure type="java.lang.AssertionError" message="Could not open the browser">
      <![CDATA[java.lang.AssertionError: Could not open the browser
	at Pages.webAction.launchDriver(webAction.java:155)
	at Pages.webAction.before_Class(webAction.java:102)
	at Test.TestNGXML.xml(TestNGXML.java:121)
	at Test.TestNGXML.main(TestNGXML.java:126)
... Removed 23 stack frames]]>
    </failure>
  </testcase> <!-- @BeforeClass before_Class -->
  <testcase name="deleteUserfromList" time="0.0" classname="Test.TestUserDelete">
    <skipped/>
  </testcase> <!-- deleteUserfromList -->
</testsuite> <!-- Command line test 3756da25-d6d3-4831-a453-563624624aa4 -->
