<?xml version="1.0" encoding="UTF-8"?>
<!-- Generated by org.testng.reporters.JUnitXMLReporter -->
<testsuite ignored="0" hostname="ZSCHN01LP0295" failures="1" tests="1" name="Command line test aa4c5c19-1fad-4c63-87c6-96069e0a1824" time="149.578" errors="0" timestamp="2022-11-20T23:15:00 IST">
  <testcase classname="Pages.webAction" name="@AfterClass logoutFromApplication" time="12.551">
    <failure type="java.lang.AssertionError" message="Unable to locate the element">
      <![CDATA[java.lang.AssertionError: Unable to locate the element
at Pages.webAction.element(webAction.java:330)
at Pages.webAction.logoutFromApplication(webAction.java:154)
at java.base/java.util.ArrayList.forEach(ArrayList.java:1511)
at Test.TestNGXML.xml(TestNGXML.java:121)
at Test.TestNGXML.main(TestNGXML.java:126)
... Removed 23 stack frames]]>
    </failure>
  </testcase> <!-- @AfterClass logoutFromApplication -->
  <testcase classname="Test.calenderTest" name="calender_test" time="131.154">
    <failure type="java.lang.NullPointerException" message="Cannot invoke &amp;quot;String.length()&amp;quot; because &amp;quot;value&amp;quot; is null">
      <![CDATA[java.lang.NullPointerException: Cannot invoke "String.length()" because "value" is null
at Pages.webAction.elements(webAction.java:339)
at Pages.CalenderHandling.calender(CalenderHandling.java:36)
at Test.calenderTest.calender_test(calenderTest.java:13)
at java.base/java.util.ArrayList.forEach(ArrayList.java:1511)
at Test.TestNGXML.xml(TestNGXML.java:121)
at Test.TestNGXML.main(TestNGXML.java:126)
... Removed 24 stack frames]]>
    </failure>
  </testcase> <!-- calender_test -->
</testsuite> <!-- Command line test aa4c5c19-1fad-4c63-87c6-96069e0a1824 -->
