<?xml version="1.0" encoding="UTF-8"?>
<!-- Generated by org.testng.reporters.JUnitXMLReporter -->
<testsuite ignored="0" hostname="ZSCHN01LP0340" failures="0" tests="1" name="Command line test 06e5ab06-bcad-4e30-90e5-e6f70b2f78cc" time="57.761" errors="0" timestamp="2022-12-16T18:46:55 IST">
  <testcase classname="Pages.webAction" name="@AfterClass logoutFromApplication" time="2.06">
    <failure type="java.lang.AssertionError" message="Unable to logout from the application">
      <![CDATA[java.lang.AssertionError: Unable to logout from the application
at Pages.webAction.logoutFromApplication(webAction.java:166)
at java.base/java.util.ArrayList.forEach(ArrayList.java:1511)
at Test.TestNGXML.xml(TestNGXML.java:121)
at Test.TestNGXML.main(TestNGXML.java:126)
... Removed 23 stack frames]]>
    </failure>
  </testcase> <!-- @AfterClass logoutFromApplication -->
  <testcase classname="Test.TestUserCreation" name="userCreation" time="46.435"/>
</testsuite> <!-- Command line test 06e5ab06-bcad-4e30-90e5-e6f70b2f78cc -->
