<?xml version="1.0" encoding="UTF-8"?>
<!-- Generated by org.testng.reporters.JUnitXMLReporter -->
<testsuite ignored="0" hostname="ZSCHN01LP0292" failures="0" tests="1" name="Command line test 06b22fe9-95f3-4f2b-bb69-cd1d5a57f57e" time="0.012" errors="0" timestamp="2022-10-27T11:59:02 IST">
  <testcase classname="Pages.webAction" name="@BeforeClass before_Class" time="0.01">
    <failure type="java.lang.AssertionError" message="Could not open the browser">
      <![CDATA[java.lang.AssertionError: Could not open the browser
at Pages.webAction.launchDriver(webAction.java:155)
at Pages.webAction.before_Class(webAction.java:102)
at java.base/java.util.ArrayList.forEach(ArrayList.java:1511)
at Test.TestNGXML.xml(TestNGXML.java:121)
at Test.TestNGXML.main(TestNGXML.java:126)
... Removed 23 stack frames]]>
    </failure>
  </testcase> <!-- @BeforeClass before_Class -->
  <testcase classname="Pages.webAction" name="@AfterMethod getResult" time="-1.666852142284E9">
    <skipped/>
  </testcase> <!-- @AfterMethod getResult -->
  <testcase classname="Test.TestUserDelete" name="deleteUserfromList" time="0.0">
    <skipped/>
  </testcase> <!-- deleteUserfromList -->
</testsuite> <!-- Command line test 06b22fe9-95f3-4f2b-bb69-cd1d5a57f57e -->
