<?xml version="1.0" encoding="UTF-8"?>
<!-- Generated by org.testng.reporters.JUnitXMLReporter -->
<testsuite ignored="0" hostname="ZSCHN01LP0340" failures="0" tests="1" name="Command line test e5d0eba8-1ace-45b7-beb2-dc37715b62b7" time="15.547" errors="0" timestamp="2022-12-25T12:12:52 IST">
  <testcase classname="Pages.webAction" name="@AfterClass logoutFromApplication" time="2.04">
    <failure type="java.lang.AssertionError" message="Unable to logout from the application">
      <![CDATA[java.lang.AssertionError: Unable to logout from the application
at Pages.webAction.logoutFromApplication(webAction.java:167)
at java.base/java.util.ArrayList.forEach(ArrayList.java:1511)
at Test.TestNGXML.xml(TestNGXML.java:121)
at Test.TestNGXML.main(TestNGXML.java:126)
... Removed 23 stack frames]]>
    </failure>
  </testcase> <!-- @AfterClass logoutFromApplication -->
  <testcase classname="Test.EmployeeDownloadTest$TestUserCreation" name="userCreation" time="5.895"/>
</testsuite> <!-- Command line test e5d0eba8-1ace-45b7-beb2-dc37715b62b7 -->
