<?xml version="1.0" encoding="UTF-8"?>
<!-- Generated by org.testng.reporters.JUnitXMLReporter -->
<testsuite ignored="0" hostname="ZSCHN01LP0292" failures="1" tests="1" name="Command line test 7a8e169e-2adb-4e22-892d-a7ed8d065a65" time="26.536" errors="0" timestamp="2022-11-09T13:54:21 IST">
  <testcase classname="Test.TestUserCreation" name="userCreation" time="0.622">
    <failure type="java.lang.AssertionError" message=" Could not login to the application">
      <![CDATA[java.lang.AssertionError:  Could not login to the application
at Pages.LoginPage.loginToApplication(LoginPage.java:18)
at Test.TestUserCreation.userCreation(TestUserCreation.java:24)
at java.base/java.util.ArrayList.forEach(ArrayList.java:1511)
at Test.TestNGXML.xml(TestNGXML.java:121)
at Test.TestNGXML.main(TestNGXML.java:126)
... Removed 25 stack frames]]>
    </failure>
  </testcase> <!-- userCreation -->
</testsuite> <!-- Command line test 7a8e169e-2adb-4e22-892d-a7ed8d065a65 -->
