<?xml version="1.0" encoding="UTF-8"?>
<!-- Generated by org.testng.reporters.JUnitXMLReporter -->
<testsuite ignored="0" hostname="ZSCHN01LP0292" failures="1" tests="1" name="Command line test e2da5a0f-6067-4fd6-b906-bcfba5bdd0d8" time="15.997" errors="0" timestamp="2022-11-09T16:32:38 IST">
  <testcase classname="Test.TestUserCreation" name="userCreation" time="9.306">
    <failure type="java.lang.AssertionError" message="Could not complete the Add user process">
      <![CDATA[java.lang.AssertionError: Could not complete the Add user process
at Pages.UserCreationandUserDelete.addUser(UserCreationandUserDelete.java:43)
at Test.TestUserCreation.userCreation(TestUserCreation.java:30)
at java.base/java.util.ArrayList.forEach(ArrayList.java:1511)
at Test.TestNGXML.xml(TestNGXML.java:121)
at Test.TestNGXML.main(TestNGXML.java:126)
... Removed 25 stack frames]]>
    </failure>
  </testcase> <!-- userCreation -->
</testsuite> <!-- Command line test e2da5a0f-6067-4fd6-b906-bcfba5bdd0d8 -->
