<?xml version="1.0" encoding="UTF-8"?>
<!-- Generated by org.testng.reporters.JUnitXMLReporter -->
<testsuite ignored="0" hostname="ZSCHN01LP0340" failures="1" tests="1" name="Command line test 355d2a84-f100-46bc-b03a-9e5986b53deb" time="30.669" errors="0" timestamp="2022-12-20T16:13:03 IST">
  <testcase classname="Pages.webAction" name="@AfterClass logoutFromApplication" time="2.027">
    <failure type="java.lang.AssertionError" message="Unable to logout from the application">
      <![CDATA[java.lang.AssertionError: Unable to logout from the application
at Pages.webAction.logoutFromApplication(webAction.java:166)
at java.base/java.util.ArrayList.forEach(ArrayList.java:1511)
at Test.TestNGXML.xml(TestNGXML.java:121)
at Test.TestNGXML.main(TestNGXML.java:126)
... Removed 23 stack frames]]>
    </failure>
  </testcase> <!-- @AfterClass logoutFromApplication -->
  <testcase classname="Test.leaveTest" name="applyleave" time="23.67">
    <failure type="java.lang.AssertionError" message="Unable to locate the element">
      <![CDATA[java.lang.AssertionError: Unable to locate the element
at Pages.webAction.element(webAction.java:341)
at Pages.leavepagee.applyLeave(leavepagee.java:62)
at Test.leaveTest.applyleave(leaveTest.java:22)
at java.base/java.util.ArrayList.forEach(ArrayList.java:1511)
at Test.TestNGXML.xml(TestNGXML.java:121)
at Test.TestNGXML.main(TestNGXML.java:126)
... Removed 25 stack frames]]>
    </failure>
  </testcase> <!-- applyleave -->
</testsuite> <!-- Command line test 355d2a84-f100-46bc-b03a-9e5986b53deb -->
