<?xml version="1.0" encoding="UTF-8"?>
<!-- Generated by org.testng.reporters.JUnitXMLReporter -->
<testsuite hostname="ZS-DSK-0014" ignored="0" name="Command line test bcec6db7-5dc8-4abc-babb-0b72f5af8f0a" tests="1" failures="1" timestamp="28 May 2020 07:36:09 GMT" time="38.629" errors="0">
  <testcase name="userCreation" time="26.605" classname="Test.TestUserDelete">
    <failure type="java.lang.AssertionError" message="Unable to locate the element">
      <![CDATA[java.lang.AssertionError: Unable to locate the element
	at Pages.webAction.element(webAction.java:294)
	at Pages.UserCreationandUserDelete.deleteUser(UserCreationandUserDelete.java:77)
	at Test.TestUserDelete.userCreation(TestUserDelete.java:28)
	at Test.TestNGXML.xml(TestNGXML.java:121)
	at Test.TestNGXML.main(TestNGXML.java:126)
... Removed 23 stack frames]]>
    </failure>
  </testcase> <!-- userCreation -->
</testsuite> <!-- Command line test bcec6db7-5dc8-4abc-babb-0b72f5af8f0a -->
