<?xml version="1.0" encoding="UTF-8"?>
<!-- Generated by org.testng.reporters.JUnitXMLReporter -->
<testsuite ignored="0" hostname="ZSCHN01LP0295" failures="0" tests="1" name="Command line test 55b3d6d1-2580-4520-80b6-ce287b72c8be" time="19.685" errors="0" timestamp="2022-11-10T10:39:27 IST">
  <testcase classname="Pages.webAction" name="@AfterClass logoutFromApplication" time="2.053">
    <failure type="java.lang.AssertionError" message="Unable to logout from the application">
      <![CDATA[java.lang.AssertionError: Unable to logout from the application
at Pages.webAction.logoutFromApplication(webAction.java:156)
at java.base/java.util.ArrayList.forEach(ArrayList.java:1511)
at Test.TestNGXML.xml(TestNGXML.java:121)
at Test.TestNGXML.main(TestNGXML.java:126)
... Removed 23 stack frames]]>
    </failure>
  </testcase> <!-- @AfterClass logoutFromApplication -->
  <testcase classname="Test.EmployeeDownloadTest$TestUserCreation" name="userCreation" time="6.654"/>
</testsuite> <!-- Command line test 55b3d6d1-2580-4520-80b6-ce287b72c8be -->
