<?xml version="1.0" encoding="UTF-8"?>
<!-- Generated by org.testng.reporters.JUnitXMLReporter -->
<testsuite ignored="0" hostname="ZSCHN01LP0295" failures="1" tests="1" name="Command line test 8990e0dc-3f26-4fd1-bdc6-bbbe16f06633" time="40.114" errors="0" timestamp="2022-11-15T11:57:17 IST">
  <testcase classname="Test.leaveTest" name="applyleave" time="21.932">
    <failure type="java.lang.AssertionError" message="Unable to locate the element">
      <![CDATA[java.lang.AssertionError: Unable to locate the element
at Pages.webAction.element(webAction.java:327)
at Pages.LeavePage.applLeave(LeavePage.java:88)
at Test.leaveTest.applyleave(leaveTest.java:15)
at java.base/java.util.ArrayList.forEach(ArrayList.java:1511)
at Test.TestNGXML.xml(TestNGXML.java:121)
at Test.TestNGXML.main(TestNGXML.java:126)
... Removed 25 stack frames]]>
    </failure>
  </testcase> <!-- applyleave -->
</testsuite> <!-- Command line test 8990e0dc-3f26-4fd1-bdc6-bbbe16f06633 -->
