<?xml version="1.0" encoding="UTF-8"?>
<!-- Generated by org.testng.reporters.JUnitXMLReporter -->
<testsuite ignored="0" hostname="ZSCHN01LP0292" failures="1" tests="1" name="Command line test e074592f-79e3-41f1-8124-96f3c23e0957" time="19.415" errors="0" timestamp="2022-11-09T15:09:50 IST">
  <testcase classname="Test.LoginTest" name="userCreation" time="11.533">
    <failure type="java.lang.AssertionError" message="Unable to logout from the application">
      <![CDATA[java.lang.AssertionError: Unable to logout from the application
at Pages.webAction.logoutFromApplication(webAction.java:124)
at Test.LoginTest.userCreation(LoginTest.java:24)
at java.base/java.util.ArrayList.forEach(ArrayList.java:1511)
at Test.TestNGXML.xml(TestNGXML.java:121)
at Test.TestNGXML.main(TestNGXML.java:126)
... Removed 25 stack frames]]>
    </failure>
  </testcase> <!-- userCreation -->
</testsuite> <!-- Command line test e074592f-79e3-41f1-8124-96f3c23e0957 -->
