<?xml version="1.0" encoding="UTF-8"?>
<!-- Generated by org.testng.reporters.JUnitXMLReporter -->
<testsuite hostname="ZS-DSK-0014" ignored="0" name="Command line test 367426e2-b063-4d0b-93a1-63b2b6940bd3" tests="1" failures="1" timestamp="28 May 2020 07:53:50 GMT" time="25.867" errors="0">
  <testcase name="deleteUserfromList" time="14.066" classname="Test.TestUserDelete">
    <failure type="java.lang.AssertionError" message="Could not navigate to the Add user page">
      <![CDATA[java.lang.AssertionError: Could not navigate to the Add user page
	at Pages.UserCreationandUserDelete.navigatetoAddUser(UserCreationandUserDelete.java:21)
	at Pages.UserCreationandUserDelete.searchforUser(UserCreationandUserDelete.java:51)
	at Pages.UserCreationandUserDelete.deleteUser(UserCreationandUserDelete.java:78)
	at Test.TestUserDelete.deleteUserfromList(TestUserDelete.java:28)
	at Test.TestNGXML.xml(TestNGXML.java:121)
	at Test.TestNGXML.main(TestNGXML.java:126)
... Removed 23 stack frames]]>
    </failure>
  </testcase> <!-- deleteUserfromList -->
</testsuite> <!-- Command line test 367426e2-b063-4d0b-93a1-63b2b6940bd3 -->
