<?xml version="1.0" encoding="UTF-8"?>
<!-- Generated by org.testng.reporters.JUnitXMLReporter -->
<testsuite ignored="0" hostname="ZSCHN01LP0340" failures="1" tests="1" name="Test.TestUserDelete_Chrome" time="30.305" errors="0" timestamp="2022-12-26T21:09:53 IST">
  <testcase classname="Pages.webAction" name="@AfterClass logoutFromApplication" time="2.082">
    <failure type="java.lang.AssertionError" message="Unable to logout from the application">
      <![CDATA[java.lang.AssertionError: Unable to logout from the application
at Pages.webAction.logoutFromApplication(webAction.java:157)
at java.base/java.util.ArrayList.forEach(ArrayList.java:1511)
at Test.TestNGXML.xml(TestNGXML.java:116)
at Test.TestNGXML.main(TestNGXML.java:121)
... Removed 23 stack frames]]>
    </failure>
  </testcase> <!-- @AfterClass logoutFromApplication -->
  <testcase classname="Test.TestUserDelete" name="deleteUserfromList" time="13.162">
    <failure type="java.lang.AssertionError" message="Unable to locate the element">
      <![CDATA[java.lang.AssertionError: Unable to locate the element
at Pages.webAction.element(webAction.java:332)
at Pages.UserCreationandUserDelete.searchforUser(UserCreationandUserDelete.java:85)
at Pages.UserCreationandUserDelete.validateUserCreation(UserCreationandUserDelete.java:95)
at Test.TestUserDelete.deleteUserfromList(TestUserDelete.java:30)
at java.base/java.util.ArrayList.forEach(ArrayList.java:1511)
at Test.TestNGXML.xml(TestNGXML.java:116)
at Test.TestNGXML.main(TestNGXML.java:121)
... Removed 25 stack frames]]>
    </failure>
  </testcase> <!-- deleteUserfromList -->
</testsuite> <!-- Test.TestUserDelete_Chrome -->
