<?xml version="1.0" encoding="UTF-8"?>
<!-- Generated by org.testng.reporters.JUnitXMLReporter -->
<testsuite ignored="0" hostname="ZSCHN01LP0340" failures="0" tests="1" name="Test.LoginTest_Chrome" time="30.994" errors="0" timestamp="2022-12-26T21:10:24 IST">
  <testcase classname="Pages.webAction" name="@AfterClass logoutFromApplication" time="2.046">
    <failure type="java.lang.AssertionError" message="Unable to logout from the application">
      <![CDATA[java.lang.AssertionError: Unable to logout from the application
at Pages.webAction.logoutFromApplication(webAction.java:157)
at java.base/java.util.ArrayList.forEach(ArrayList.java:1511)
at Test.TestNGXML.xml(TestNGXML.java:116)
at Test.TestNGXML.main(TestNGXML.java:121)
... Removed 23 stack frames]]>
    </failure>
  </testcase> <!-- @AfterClass logoutFromApplication -->
  <testcase classname="Test.LoginTest" name="loginTest" time="17.831"/>
</testsuite> <!-- Test.LoginTest_Chrome -->
