<?xml version="1.0" encoding="UTF-8"?>
<testsuite name="TestSuite" time="27.486" tests="38" errors="0" skipped="7" failures="3">
  <properties>
[...]
</properties>
  <testcase name="noChancesBeforeClass" classname="com.epam.rp.tests.preconditions.FailedBeforesTest" time="2.015">
    <failure message="It was not so many chances, that this method pass expected [1] but found [17]" type="java.lang.AssertionError">java.lang.AssertionError: It was not so many chances, that this method pass expected [1] but found [17]
	at org.testng.Assert.fail(Assert.java:96)
	at org.testng.Assert.failNotEquals(Assert.java:776)
	at org.testng.Assert.assertEqualsImpl(Assert.java:137)
	at org.testng.Assert.assertEquals(Assert.java:118)
	at org.testng.Assert.assertEquals(Assert.java:652)
	at com.epam.rp.tests.preconditions.FailedBeforesTest.noChancesBeforeClass(FailedBeforesTest.java:23)
</failure>
    <system-out><![CDATA[12:10:58.325 WARN  c.e.r.t.BaseTestNGListener - main - WARNING! More than one ReportPortal listener is added
WARNING! More than one ReportPortal listener is added
[TestNG] [WARN] Ignoring duplicate listener : com.epam.reportportal.testng.ReportPortalTestNGListener
[TestNG] [WARN] Ignoring duplicate listener : com.epam.reportportal.testng.ReportPortalTestNGListener
12:10:58.335 WARN  c.e.r.t.BaseTestNGListener - main - WARNING! More than one ReportPortal listener is added
WARNING! More than one ReportPortal listener is added
[TestNG] [WARN] Ignoring duplicate listener : com.epam.reportportal.testng.ReportPortalTestNGListener
[TestNG] [WARN] Ignoring duplicate listener : com.epam.reportportal.testng.ReportPortalTestNGListener
12:10:58.335 WARN  c.e.r.t.BaseTestNGListener - main - WARNING! More than one ReportPortal listener is added
WARNING! More than one ReportPortal listener is added
[TestNG] [WARN] Ignoring duplicate listener : com.epam.reportportal.testng.ReportPortalTestNGListener
[TestNG] [WARN] Ignoring duplicate listener : com.epam.reportportal.testng.ReportPortalTestNGListener
12:10:58.335 WARN  c.e.r.t.BaseTestNGListener - main - WARNING! More than one ReportPortal listener is added
WARNING! More than one ReportPortal listener is added
[TestNG] [WARN] Ignoring duplicate listener : com.epam.reportportal.testng.ReportPortalTestNGListener
[TestNG] [WARN] Ignoring duplicate listener : com.epam.reportportal.testng.ReportPortalTestNGListener
12:10:59.190 INFO  c.e.r.s.Launch - main - Not rerun!
12:10:59.655 INFO  c.e.r.t.p.FailedBeforesTest - main - Are you lucky?
]]></system-out>
  </testcase>
  <testcase name="fiftyFiftyBeforeMethod" classname="com.epam.rp.tests.preconditions.FailedBeforesTest" time="0">
    <skipped/>
  </testcase>
  <testcase name="someSeriousTest1" classname="com.epam.rp.tests.preconditions.FailedBeforesTest" time="0">
    <skipped/>
  </testcase>
  <testcase name="someSeriousTest1" classname="com.epam.rp.tests.preconditions.FailedAftersTest" time="0.002">
    <failure message="expected [You asked me once,&quot; said O&apos;Brien, &quot;what was in Room 101. I told you that you knew the answer already. Everyone knows it. The thing that is in Room 101 is the worst thing in the world] but found [You asked me once,&quot; said O&apos;Brien, &quot;what was in Room 101. I told you that you knew the answer already. Everyone knows it. The thing that is in Room 101 is the worst thing in the world.]" type="java.lang.AssertionError">java.lang.AssertionError: expected [You asked me once," said O'Brien, "what was in Room 101. I told you that you knew the answer already. Everyone knows it. The thing that is in Room 101 is the worst thing in the world] but found [You asked me once," said O'Brien, "what was in Room 101. I told you that you knew the answer already. Everyone knows it. The thing that is in Room 101 is the worst thing in the world.]
	at org.testng.Assert.fail(Assert.java:96)
	at org.testng.Assert.failNotEquals(Assert.java:776)
	at org.testng.Assert.assertEqualsImpl(Assert.java:137)
	at org.testng.Assert.assertEquals(Assert.java:118)
	at org.testng.Assert.assertEquals(Assert.java:453)
	at org.testng.Assert.assertEquals(Assert.java:463)
	at com.epam.rp.tests.preconditions.FailedAftersTest.someSeriousTest1(FailedAftersTest.java:28)
</failure>
    <system-out><![CDATA[12:10:59.717 DEBUG c.e.r.u.SubscriptionUtils - RxComputationThreadPool-2 - Logging context completed
12:10:59.719 DEBUG c.e.r.u.SubscriptionUtils - RxComputationThreadPool-1 - Logging context completed
]]></system-out>
  </testcase>
  <testcase name="fiftyFiftyAfterMethod" classname="com.epam.rp.tests.preconditions.FailedAftersTest" time="0.003">
    <failure message="You are not lucky, man! expected [5] but found [4]" type="java.lang.AssertionError">java.lang.AssertionError: You are not lucky, man! expected [5] but found [4]
	at org.testng.Assert.fail(Assert.java:96)
	at org.testng.Assert.failNotEquals(Assert.java:776)
	at org.testng.Assert.assertEqualsImpl(Assert.java:137)
	at org.testng.Assert.assertEquals(Assert.java:118)
	at org.testng.Assert.assertEquals(Assert.java:652)
	at com.epam.rp.tests.preconditions.FailedAftersTest.fiftyFiftyAfterMethod(FailedAftersTest.java:22)
</failure>
  </testcase>
  <testcase name="someSeriousTest2" classname="com.epam.rp.tests.preconditions.FailedAftersTest" time="0">
    <skipped/>
  </testcase>
  <testcase name="fiftyFiftyAfterMethod" classname="com.epam.rp.tests.preconditions.FailedAftersTest" time="0">
    <skipped/>
    <system-out><![CDATA[12:10:59.727 DEBUG c.e.r.u.SubscriptionUtils - RxComputationThreadPool-1 - Logging context completed
]]></system-out>
  </testcase>
  <testcase name="someSeriousTest3" classname="com.epam.rp.tests.preconditions.FailedAftersTest" time="0">
    <skipped/>
    <system-out><![CDATA[12:10:59.728 DEBUG c.e.r.u.SubscriptionUtils - RxComputationThreadPool-3 - Logging context completed
]]></system-out>
  </testcase>
  <testcase name="fiftyFiftyAfterMethod" classname="com.epam.rp.tests.preconditions.FailedAftersTest" time="0">
    <skipped/>
    <system-out><![CDATA[12:10:59.728 DEBUG c.e.r.u.SubscriptionUtils - RxComputationThreadPool-4 - Logging context completed
]]></system-out>
  </testcase>
  <testcase name="noCnancesAfterClass" classname="com.epam.rp.tests.preconditions.FailedAftersTest" time="0">
    <skipped/>
    <system-out><![CDATA[12:10:59.729 DEBUG c.e.r.u.SubscriptionUtils - RxComputationThreadPool-2 - Logging context completed
]]></system-out>
  </testcase>
  <testcase name="testHigherBound" classname="com.epam.rp.tests.randomizer.TestRandomizerBoundaries" time="0.004"/>
  <testcase name="testHigherBoundExceeded" classname="com.epam.rp.tests.randomizer.TestRandomizerBoundaries" time="0.001"/>
  <testcase name="testLowerBound" classname="com.epam.rp.tests.randomizer.TestRandomizerBoundaries" time="0"/>
  <testcase name="testLowerBoundExceeded" classname="com.epam.rp.tests.randomizer.TestRandomizerBoundaries" time="0.001"/>
  <testcase name="testRandomizerGenerator" classname="com.epam.rp.tests.randomizer.TestRandomizer" time="0.001"/>
  <testcase name="testRandomizerNevenLies" classname="com.epam.rp.tests.randomizer.TestRandomizer" time="0.048"/>
  <testcase name="testRandomizerProbability" classname="com.epam.rp.tests.randomizer.TestRandomizer" time="0.038"/>
  <testcase name="testParams" classname="com.epam.rp.tests.parametrized.ParametrizedTest" time="5.004"/>
  <testcase name="testParams" classname="com.epam.rp.tests.parametrized.ParametrizedTest" time="5.007"/>
  <testcase name="testParams" classname="com.epam.rp.tests.parametrized.ParametrizedTest" time="5.012"/>
  <testcase name="testParams" classname="com.epam.rp.tests.parametrized.ParametrizedTest" time="5.014"/>
  <testcase name="logImageBase64" classname="com.epam.rp.tests.logging.LuckyPugTest" time="2.761"/>
  <testcase name="logXmlBase64" classname="com.epam.rp.tests.logging.XmlLoggingTest" time="0"/>
  <testcase name="logXmlFile" classname="com.epam.rp.tests.logging.XmlLoggingTest" time="0"/>
  <testcase name="logXmlBase64" classname="com.epam.rp.tests.logging.XmlLoggingBetterTest" time="0"/>
  <testcase name="logXmlFile" classname="com.epam.rp.tests.logging.XmlLoggingBetterTest" time="0"/>
  <testcase name="logJsonBase64" classname="com.epam.rp.tests.logging.JsonLoggingTest" time="0"/>
  <testcase name="logJsonFile" classname="com.epam.rp.tests.logging.JsonLoggingTest" time="2.497"/>
  <testcase name="logCmd" classname="com.epam.rp.tests.logging.LoggingTest" time="0.006"/>
  <testcase name="logCss" classname="com.epam.rp.tests.logging.LoggingTest" time="0.006"/>
  <testcase name="logCsv" classname="com.epam.rp.tests.logging.LoggingTest" time="0.007"/>
  <testcase name="logHar" classname="com.epam.rp.tests.logging.LoggingTest" time="0.006"/>
  <testcase name="logHtml" classname="com.epam.rp.tests.logging.LoggingTest" time="0.008"/>
  <testcase name="logJavascript" classname="com.epam.rp.tests.logging.LoggingTest" time="0.007"/>
  <testcase name="logPdf" classname="com.epam.rp.tests.logging.LoggingTest" time="0.013"/>
  <testcase name="logPhp" classname="com.epam.rp.tests.logging.LoggingTest" time="0.01"/>
  <testcase name="logPlain" classname="com.epam.rp.tests.logging.LoggingTest" time="0.009"/>
  <testcase name="logZip" classname="com.epam.rp.tests.logging.LoggingTest" time="0.006"/>
</testsuite>